<?xml version="1.0" encoding="UTF-8"?>
<testsuite xmlns:xsi="http://www.w3.org/2001/XMLSchema-instance" xsi:noNamespaceSchemaLocation="https://maven.apache.org/surefire/maven-surefire-plugin/xsd/surefire-test-report.xsd" version="3.0.2" name="com.example.trainup.controller.TrainerControllerTest" time="7.436" tests="13" errors="0" skipped="0" failures="0">
  <properties>
[...]
</properties>
  <testcase name="getTrainerById_Success" classname="com.example.trainup.controller.TrainerControllerTest" time="0.027">
    <system-out><![CDATA[
  .   ____          _            __ _ _
 /\\ / ___'_ __ _ _(_)_ __  __ _ \ \ \ \
( ( )\___ | '_ | '_| | '_ \/ _` | \ \ \ \
 \\/  ___)| |_)| | | | | || (_| |  ) ) ) )
  '  |____| .__|_| |_|_| |_\__, | / / / /
 =========|_|==============|___/=/_/_/_/

 :: Spring Boot ::                (v3.4.3)

2025-08-02 19:43:50.189 [main] INFO  com.example.trainup.controller.TrainerControllerTest - Starting TrainerControllerTest using Java 17.0.15 with PID 1313 (started by sadsadsa in /mnt/c/Users/Bohdan-Dymydiuk/projects/com-projects/train-up/backend)
2025-08-02 19:43:50.190 [main] DEBUG com.example.trainup.controller.TrainerControllerTest - Running with Spring Boot v3.4.3, Spring v6.2.3
2025-08-02 19:43:50.190 [main] INFO  com.example.trainup.controller.TrainerControllerTest - The following 1 profile is active: "test"
2025-08-02 19:43:53.531 [main] INFO  com.zaxxer.hikari.HikariDataSource - HikariPool-8 - Starting...
2025-08-02 19:43:53.533 [main] INFO  com.zaxxer.hikari.pool.HikariPool - HikariPool-8 - Added connection conn70: url=jdbc:h2:mem:testdb user=SA
2025-08-02 19:43:53.533 [main] INFO  com.zaxxer.hikari.HikariDataSource - HikariPool-8 - Start completed.
2025-08-02 19:43:53.534 [main] INFO  liquibase.database - Set default schema name to PUBLIC
2025-08-02 19:43:54.097 [main] INFO  liquibase.changelog - Reading from PUBLIC.DATABASECHANGELOG
2025-08-02 19:43:54.127 [main] INFO  liquibase.ui - Database is up to date, no changesets to execute
2025-08-02 19:43:54.128 [main] INFO  liquibase.util - UPDATE SUMMARY
2025-08-02 19:43:54.128 [main] INFO  liquibase.util - Run:                          0
2025-08-02 19:43:54.128 [main] INFO  liquibase.util - Previously run:              28
2025-08-02 19:43:54.128 [main] INFO  liquibase.util - Filtered out:                 0
2025-08-02 19:43:54.129 [main] INFO  liquibase.util - -------------------------------
2025-08-02 19:43:54.129 [main] INFO  liquibase.util - Total change sets:           28
2025-08-02 19:43:54.129 [main] INFO  liquibase.util - Update summary generated
2025-08-02 19:43:54.129 [main] INFO  liquibase.command - Command execution complete
2025-08-02 19:43:54.381 [main] INFO  org.hibernate.jpa.internal.util.LogHelper - HHH000204: Processing PersistenceUnitInfo [name: default]
2025-08-02 19:43:54.422 [main] INFO  org.hibernate.cache.internal.RegionFactoryInitiator - HHH000026: Second-level cache disabled
2025-08-02 19:43:54.541 [main] WARN  org.hibernate.dialect.Dialect - HHH000511: The 2.3.232 version for [org.hibernate.dialect.MySQLDialect] is no longer supported, hence certain features may not work properly. The minimum supported version is 8.0.0. Check the community dialects project for available legacy versions.
2025-08-02 19:43:54.542 [main] WARN  org.hibernate.orm.deprecation - HHH90000025: MySQLDialect does not need to be specified explicitly using 'hibernate.dialect' (remove the property setting and it will be selected by default)
2025-08-02 19:43:54.542 [main] INFO  org.hibernate.orm.connections.pooling - HHH10001005: Database info:
	Database JDBC URL [Connecting through datasource 'HikariDataSource (HikariPool-8)']
	Database driver: undefined/unknown
	Database version: 2.3.232
	Autocommit mode: undefined/unknown
	Isolation level: undefined/unknown
	Minimum pool size: undefined/unknown
	Maximum pool size: undefined/unknown
2025-08-02 19:43:55.347 [main] INFO  org.hibernate.engine.transaction.jta.platform.internal.JtaPlatformInitiator - HHH000489: No JTA platform available (set 'hibernate.transaction.jta.platform' to enable JTA platform integration)
Hibernate: 
    alter table admins 
       drop 
       foreign key FK600ih02qklqf2htcba7s8kh2x
Hibernate: 
    alter table athlete_phone_numbers 
       drop 
       foreign key FKsq6lhkmkpo055uq5v7xvkhawr
Hibernate: 
    alter table athletes 
       drop 
       foreign key FK3sh1urbr1pvx7bp4gnq9fow1r
Hibernate: 
    alter table events 
       drop 
       foreign key FK8rwl332ud4cbj46x57xgiybyj
Hibernate: 
    alter table events 
       drop 
       foreign key FKlj14dyfl179s92hatm374588t
Hibernate: 
    alter table events 
       drop 
       foreign key FK72xc2u4739yo6n4t36pqrtd08
Hibernate: 
    alter table gym_owner_phone_numbers 
       drop 
       foreign key FK5ko2l4t5yffic7lyimoljo3m6
Hibernate: 
    alter table gym_owners 
       drop 
       foreign key FKqhsinx39y7gk4bb82elf24kv9
Hibernate: 
    alter table gym_phone_numbers 
       drop 
       foreign key FKfwr3m96iv0a2gm3t3egg2slaf
Hibernate: 
    alter table gym_photos 
       drop 
       foreign key FKctdwvrpmdcyvor36yjmbmen16
Hibernate: 
    alter table gym_working_hours 
       drop 
       foreign key FKib8y7pyi58d33ip78ih5pvwcf
Hibernate: 
    alter table gyms 
       drop 
       foreign key FKc1litp8g4l35f9oykhmkq77nf
Hibernate: 
    alter table gyms 
       drop 
       foreign key FKk5nlix7uld6h247s40o39uagc
Hibernate: 
    alter table gyms_trainers 
       drop 
       foreign key FKejqehnsyhyqdp5htcwgg735b0
Hibernate: 
    alter table gyms_trainers 
       drop 
       foreign key FK3tnw2jc4io90phnywpofojwxl
Hibernate: 
    alter table reviews 
       drop 
       foreign key FK19vxxg7nchfe2tpifhnjco0pl
Hibernate: 
    alter table reviews 
       drop 
       foreign key FKl6ehbeii3m5st1u9cu9j7ynds
Hibernate: 
    alter table reviews 
       drop 
       foreign key FKksna0ysspv7vdf2wujgsle79g
Hibernate: 
    alter table sports_athletes 
       drop 
       foreign key FKhmkebmrp4uwbhe7b9yvwaxhkp
Hibernate: 
    alter table sports_athletes 
       drop 
       foreign key FK3ayv9cx986992gx2h7l2hak5w
Hibernate: 
    alter table sports_gyms 
       drop 
       foreign key FK3q55fm5vgi5ptbod94dhow8na
Hibernate: 
    alter table sports_gyms 
       drop 
       foreign key FKjq7fyrst4nw8e1e8tp49viuxh
Hibernate: 
    alter table sports_trainers 
       drop 
       foreign key FK2ft20ii6imkr4bp7smdbcgs7y
Hibernate: 
    alter table sports_trainers 
       drop 
       foreign key FKegkuarguvcl7hcno6mj5eke5v
Hibernate: 
    alter table trainer_certificates 
       drop 
       foreign key FKm41kd81xmctumo707xmkep26i
Hibernate: 
    alter table trainer_phone_numbers 
       drop 
       foreign key FKoxkmxdq0g7ha2a80enyhv4yy1
Hibernate: 
    alter table trainers 
       drop 
       foreign key FKcnbrnosgtv3xo33vet1d0s387
Hibernate: 
    alter table trainers 
       drop 
       foreign key FKg82u7ghpjoqnhhkcvx0dn3kn3
Hibernate: 
    alter table user_credentials_roles 
       drop 
       foreign key FK3lhrdwn3da5fkkmykcgp2ui6e
Hibernate: 
    alter table user_credentials_roles 
       drop 
       foreign key FK7bu4o4g0mqpf6ajcyaj9rkw6j
Hibernate: 
    drop table if exists addresses
Hibernate: 
    drop table if exists admins
Hibernate: 
    drop table if exists athlete_phone_numbers
Hibernate: 
    drop table if exists athletes
Hibernate: 
    drop table if exists events
Hibernate: 
    drop table if exists gym_owner_phone_numbers
Hibernate: 
    drop table if exists gym_owners
Hibernate: 
    drop table if exists gym_phone_numbers
Hibernate: 
    drop table if exists gym_photos
Hibernate: 
    drop table if exists gym_working_hours
Hibernate: 
    drop table if exists gyms
Hibernate: 
    drop table if exists gyms_trainers
Hibernate: 
    drop table if exists reviews
Hibernate: 
    drop table if exists roles
Hibernate: 
    drop table if exists sports
Hibernate: 
    drop table if exists sports_athletes
Hibernate: 
    drop table if exists sports_gyms
Hibernate: 
    drop table if exists sports_trainers
Hibernate: 
    drop table if exists trainer_certificates
Hibernate: 
    drop table if exists trainer_phone_numbers
Hibernate: 
    drop table if exists trainers
Hibernate: 
    drop table if exists user_credentials
Hibernate: 
    drop table if exists user_credentials_roles
Hibernate: 
    create table addresses (
        is_deleted bit not null,
        id bigint not null auto_increment,
        city varchar(255) not null,
        city_district varchar(255),
        country varchar(255) not null,
        house varchar(255) not null,
        street varchar(255) not null,
        primary key (id)
    ) engine=InnoDB
Hibernate: 
    create table admins (
        date_of_birth date,
        is_deleted bit not null,
        id bigint not null auto_increment,
        user_credentials_id bigint not null,
        first_name varchar(255) not null,
        last_name varchar(255) not null,
        profile_image_url varchar(255),
        gender enum ('FEMALE','MALE'),
        primary key (id)
    ) engine=InnoDB
Hibernate: 
    create table athlete_phone_numbers (
        athlete_id bigint not null,
        phone_numbers varchar(255)
    ) engine=InnoDB
Hibernate: 
    create table athletes (
        date_of_birth date,
        email_permission bit not null,
        is_deleted bit not null,
        phone_permission bit not null,
        id bigint not null auto_increment,
        user_credentials_id bigint not null,
        first_name varchar(255) not null,
        last_name varchar(255) not null,
        profile_image_url varchar(255),
        gender enum ('FEMALE','MALE'),
        primary key (id)
    ) engine=InnoDB
Hibernate: 
    create table events (
        date_time datetime(6) not null,
        gym_id bigint,
        id bigint not null auto_increment,
        sport_id bigint not null,
        trainer_id bigint,
        description varchar(255),
        name varchar(255) not null,
        primary key (id)
    ) engine=InnoDB
Hibernate: 
    create table gym_owner_phone_numbers (
        gym_owner_id bigint not null,
        phone_numbers varchar(255)
    ) engine=InnoDB
Hibernate: 
    create table gym_owners (
        date_of_birth date,
        is_deleted bit not null,
        id bigint not null auto_increment,
        user_credentials_id bigint not null,
        first_name varchar(255) not null,
        last_name varchar(255) not null,
        profile_image_url varchar(255),
        gender enum ('FEMALE','MALE'),
        primary key (id)
    ) engine=InnoDB
Hibernate: 
    create table gym_phone_numbers (
        gym_id bigint not null,
        phone_numbers VARCHAR(255)
    ) engine=InnoDB
Hibernate: 
    create table gym_photos (
        is_deleted bit not null,
        gym_id bigint not null,
        id bigint not null auto_increment,
        image_url varchar(255) not null,
        primary key (id)
    ) engine=InnoDB
Hibernate: 
    create table gym_working_hours (
        end_time time(6),
        start_time time(6),
        gym_id bigint not null,
        day_of_week enum ('FRIDAY','MONDAY','SATURDAY','SUNDAY','THURSDAY','TUESDAY','WEDNESDAY')
    ) engine=InnoDB
Hibernate: 
    create table gyms (
        is_deleted bit not null,
        number_of_reviews integer,
        overall_rating float(23),
        address_id bigint not null,
        gym_owner_id bigint not null,
        id bigint not null auto_increment,
        description varchar(255),
        name varchar(255) not null,
        website varchar(255),
        primary key (id)
    ) engine=InnoDB
Hibernate: 
    create table gyms_trainers (
        gym_id bigint not null,
        trainer_id bigint not null,
        primary key (gym_id, trainer_id)
    ) engine=InnoDB
Hibernate: 
    create table reviews (
        rating integer not null,
        athlete_id bigint not null,
        gym_id bigint,
        id bigint not null auto_increment,
        trainer_id bigint,
        description varchar(255),
        primary key (id)
    ) engine=InnoDB
Hibernate: 
    create table roles (
        id bigint not null auto_increment,
        name varchar(255) not null,
        primary key (id)
    ) engine=InnoDB
Hibernate: 
    create table sports (
        is_deleted bit not null,
        id bigint not null auto_increment,
        sport_name varchar(255) not null,
        primary key (id)
    ) engine=InnoDB
Hibernate: 
    create table sports_athletes (
        athlete_id bigint not null,
        sport_id bigint not null,
        primary key (athlete_id, sport_id)
    ) engine=InnoDB
Hibernate: 
    create table sports_gyms (
        gym_id bigint not null,
        sport_id bigint not null,
        primary key (gym_id, sport_id)
    ) engine=InnoDB
Hibernate: 
    create table sports_trainers (
        sport_id bigint not null,
        trainer_id bigint not null,
        primary key (sport_id, trainer_id)
    ) engine=InnoDB
Hibernate: 
    create table trainer_certificates (
        trainer_id bigint not null,
        certificates varchar(255)
    ) engine=InnoDB
Hibernate: 
    create table trainer_phone_numbers (
        trainer_id bigint not null,
        phone_numbers varchar(255)
    ) engine=InnoDB
Hibernate: 
    create table trainers (
        date_of_birth date,
        is_deleted bit not null,
        number_of_reviews integer,
        online_training bit not null,
        overall_rating float(23),
        address_id bigint,
        id bigint not null auto_increment,
        user_credentials_id bigint not null,
        description varchar(255),
        first_name varchar(255) not null,
        last_name varchar(255) not null,
        profile_image_url varchar(255),
        social_media_links varchar(255),
        gender enum ('FEMALE','MALE'),
        primary key (id)
    ) engine=InnoDB
Hibernate: 
    create table user_credentials (
        is_deleted bit not null,
        id bigint not null auto_increment,
        email varchar(255) not null,
        password varchar(255) not null,
        user_type enum ('ADMIN','ATHLETE','GYM_OWNER','TRAINER') not null,
        primary key (id)
    ) engine=InnoDB
Hibernate: 
    create table user_credentials_roles (
        role_id bigint not null,
        user_credentials_id bigint not null,
        primary key (role_id, user_credentials_id)
    ) engine=InnoDB
Hibernate: 
    alter table admins 
       add constraint UKstlvw73rb30blh8f5rlc61607 unique (user_credentials_id)
Hibernate: 
    alter table athletes 
       add constraint UKij7mu3v5n4jb7qusp729ivdyq unique (user_credentials_id)
Hibernate: 
    alter table gym_owners 
       add constraint UKsvn82mcjgaqxpljam1y92liut unique (user_credentials_id)
Hibernate: 
    alter table gyms 
       add constraint UKe73qauhjutr62uua42vsa48xl unique (address_id)
Hibernate: 
    alter table roles 
       add constraint UKofx66keruapi6vyqpv6f2or37 unique (name)
Hibernate: 
    alter table sports 
       add constraint UKcs1vpkeju799gcxbq5gc0lac1 unique (sport_name)
Hibernate: 
    alter table trainers 
       add constraint UKk4x2ma29c24jem3i32xx7x0cq unique (user_credentials_id)
Hibernate: 
    alter table user_credentials 
       add constraint UKlrgbb675rfl59o7jp5rhetl2r unique (email)
Hibernate: 
    alter table admins 
       add constraint FK600ih02qklqf2htcba7s8kh2x 
       foreign key (user_credentials_id) 
       references user_credentials (id)
Hibernate: 
    alter table athlete_phone_numbers 
       add constraint FKsq6lhkmkpo055uq5v7xvkhawr 
       foreign key (athlete_id) 
       references athletes (id)
Hibernate: 
    alter table athletes 
       add constraint FK3sh1urbr1pvx7bp4gnq9fow1r 
       foreign key (user_credentials_id) 
       references user_credentials (id)
Hibernate: 
    alter table events 
       add constraint FK8rwl332ud4cbj46x57xgiybyj 
       foreign key (gym_id) 
       references gyms (id)
Hibernate: 
    alter table events 
       add constraint FKlj14dyfl179s92hatm374588t 
       foreign key (sport_id) 
       references sports (id)
Hibernate: 
    alter table events 
       add constraint FK72xc2u4739yo6n4t36pqrtd08 
       foreign key (trainer_id) 
       references trainers (id)
Hibernate: 
    alter table gym_owner_phone_numbers 
       add constraint FK5ko2l4t5yffic7lyimoljo3m6 
       foreign key (gym_owner_id) 
       references gym_owners (id)
Hibernate: 
    alter table gym_owners 
       add constraint FKqhsinx39y7gk4bb82elf24kv9 
       foreign key (user_credentials_id) 
       references user_credentials (id)
Hibernate: 
    alter table gym_phone_numbers 
       add constraint FKfwr3m96iv0a2gm3t3egg2slaf 
       foreign key (gym_id) 
       references gyms (id)
Hibernate: 
    alter table gym_photos 
       add constraint FKctdwvrpmdcyvor36yjmbmen16 
       foreign key (gym_id) 
       references gyms (id)
Hibernate: 
    alter table gym_working_hours 
       add constraint FKib8y7pyi58d33ip78ih5pvwcf 
       foreign key (gym_id) 
       references gyms (id)
Hibernate: 
    alter table gyms 
       add constraint FKc1litp8g4l35f9oykhmkq77nf 
       foreign key (gym_owner_id) 
       references gym_owners (id)
Hibernate: 
    alter table gyms 
       add constraint FKk5nlix7uld6h247s40o39uagc 
       foreign key (address_id) 
       references addresses (id)
Hibernate: 
    alter table gyms_trainers 
       add constraint FKejqehnsyhyqdp5htcwgg735b0 
       foreign key (trainer_id) 
       references trainers (id)
Hibernate: 
    alter table gyms_trainers 
       add constraint FK3tnw2jc4io90phnywpofojwxl 
       foreign key (gym_id) 
       references gyms (id)
Hibernate: 
    alter table reviews 
       add constraint FK19vxxg7nchfe2tpifhnjco0pl 
       foreign key (athlete_id) 
       references athletes (id)
Hibernate: 
    alter table reviews 
       add constraint FKl6ehbeii3m5st1u9cu9j7ynds 
       foreign key (gym_id) 
       references gyms (id)
Hibernate: 
    alter table reviews 
       add constraint FKksna0ysspv7vdf2wujgsle79g 
       foreign key (trainer_id) 
       references trainers (id)
Hibernate: 
    alter table sports_athletes 
       add constraint FKhmkebmrp4uwbhe7b9yvwaxhkp 
       foreign key (athlete_id) 
       references athletes (id)
Hibernate: 
    alter table sports_athletes 
       add constraint FK3ayv9cx986992gx2h7l2hak5w 
       foreign key (sport_id) 
       references sports (id)
Hibernate: 
    alter table sports_gyms 
       add constraint FK3q55fm5vgi5ptbod94dhow8na 
       foreign key (sport_id) 
       references sports (id)
Hibernate: 
    alter table sports_gyms 
       add constraint FKjq7fyrst4nw8e1e8tp49viuxh 
       foreign key (gym_id) 
       references gyms (id)
Hibernate: 
    alter table sports_trainers 
       add constraint FK2ft20ii6imkr4bp7smdbcgs7y 
       foreign key (sport_id) 
       references sports (id)
Hibernate: 
    alter table sports_trainers 
       add constraint FKegkuarguvcl7hcno6mj5eke5v 
       foreign key (trainer_id) 
       references trainers (id)
Hibernate: 
    alter table trainer_certificates 
       add constraint FKm41kd81xmctumo707xmkep26i 
       foreign key (trainer_id) 
       references trainers (id)
Hibernate: 
    alter table trainer_phone_numbers 
       add constraint FKoxkmxdq0g7ha2a80enyhv4yy1 
       foreign key (trainer_id) 
       references trainers (id)
Hibernate: 
    alter table trainers 
       add constraint FKcnbrnosgtv3xo33vet1d0s387 
       foreign key (user_credentials_id) 
       references user_credentials (id)
Hibernate: 
    alter table trainers 
       add constraint FKg82u7ghpjoqnhhkcvx0dn3kn3 
       foreign key (address_id) 
       references addresses (id)
Hibernate: 
    alter table user_credentials_roles 
       add constraint FK3lhrdwn3da5fkkmykcgp2ui6e 
       foreign key (role_id) 
       references roles (id)
Hibernate: 
    alter table user_credentials_roles 
       add constraint FK7bu4o4g0mqpf6ajcyaj9rkw6j 
       foreign key (user_credentials_id) 
       references user_credentials (id)
2025-08-02 19:43:55.970 [main] INFO  com.example.trainup.service.GeminiChatService - System prompt loaded.
2025-08-02 19:43:57.324 [main] DEBUG com.example.trainup.security.JwtAuthenticationFilter - Filter 'jwtAuthenticationFilter' configured for use
2025-08-02 19:43:57.355 [main] INFO  com.example.trainup.controller.TrainerControllerTest - Started TrainerControllerTest in 7.227 seconds (process running for 101.088)
2025-08-02 19:43:57.374 [main] INFO  com.example.trainup.controller.TrainerController - Attempting to retrieve trainer with ID: 1
2025-08-02 19:43:57.375 [main] INFO  com.example.trainup.controller.TrainerController - Successfully retrieved trainer with ID: 1

MockHttpServletRequest:
      HTTP Method = GET
      Request URI = /trainer/1
       Parameters = {}
          Headers = [Content-Type:"application/json;charset=UTF-8"]
             Body = null
    Session Attrs = {}

Handler:
             Type = com.example.trainup.controller.TrainerController
           Method = com.example.trainup.controller.TrainerController#getTrainerById(Long)

Async:
    Async started = false
     Async result = null

Resolved Exception:
             Type = null

ModelAndView:
        View name = null
             View = null
            Model = null

FlashMap:
       Attributes = null

MockHttpServletResponse:
           Status = 200
    Error message = null
          Headers = [Vary:"Origin", "Access-Control-Request-Method", "Access-Control-Request-Headers", Content-Type:"application/json", X-Content-Type-Options:"nosniff", X-XSS-Protection:"0", Cache-Control:"no-cache, no-store, max-age=0, must-revalidate", Pragma:"no-cache", Expires:"0", X-Frame-Options:"DENY"]
     Content type = application/json
             Body = {"id":1,"firstName":"John","lastName":"Doe","gender":"MALE","dateOfBirth":"1990-01-01","profileImageUrl":"http://example.com/image.jpg","email":"trainer@example.com","userType":"TRAINER","phoneNumbers":["123456789"],"sportIds":[1],"gymIds":[1],"location":null,"description":"Experienced trainer","socialMediaLinks":"http://social.com","overallRating":4.5,"numberOfReviews":10}
    Forwarded URL = null
   Redirected URL = null
          Cookies = []
]]></system-out>
  </testcase>
  <testcase name="getAllTrainers_Success" classname="com.example.trainup.controller.TrainerControllerTest" time="0.017">
    <system-out><![CDATA[2025-08-02 19:43:57.390 [main] INFO  com.example.trainup.controller.TrainerController - Attempting to fetch trainers with filter: TrainerFilterRequestDto[firstName=John, lastName=Doe, gender=null, sportIds=null, gymIds=null, locationCountry=null, locationCity=null, locationCityDistrict=null, locationStreet=null, locationHouse=null, onlineTraining=null] and pageable: Page request [number: 0, size 10, sort: UNSORTED]
2025-08-02 19:43:57.395 [main] INFO  com.example.trainup.controller.TrainerController - Successfully retrieved 1 trainers with specified criteria.

MockHttpServletRequest:
      HTTP Method = GET
      Request URI = /trainer
       Parameters = {firstName=[John], lastName=[Doe]}
          Headers = [Content-Type:"application/json;charset=UTF-8"]
             Body = null
    Session Attrs = {}

Handler:
             Type = com.example.trainup.controller.TrainerController
           Method = com.example.trainup.controller.TrainerController#getAllTrainers(String, String, Gender, Set, Set, String, String, String, String, String, Boolean, Pageable)

Async:
    Async started = false
     Async result = null

Resolved Exception:
             Type = null

ModelAndView:
        View name = null
             View = null
            Model = null

FlashMap:
       Attributes = null

MockHttpServletResponse:
           Status = 200
    Error message = null
          Headers = [Vary:"Origin", "Access-Control-Request-Method", "Access-Control-Request-Headers", Content-Type:"application/json", X-Content-Type-Options:"nosniff", X-XSS-Protection:"0", Cache-Control:"no-cache, no-store, max-age=0, must-revalidate", Pragma:"no-cache", Expires:"0", X-Frame-Options:"DENY"]
     Content type = application/json
             Body = [{"id":1,"firstName":"John","lastName":"Doe","gender":"MALE","dateOfBirth":"1990-01-01","profileImageUrl":"http://example.com/image.jpg","email":"trainer@example.com","userType":"TRAINER","phoneNumbers":["123456789"],"sportIds":[1],"gymIds":[1],"location":null,"description":"Experienced trainer","socialMediaLinks":"http://social.com","overallRating":4.5,"numberOfReviews":10}]
    Forwarded URL = null
   Redirected URL = null
          Cookies = []
]]></system-out>
  </testcase>
  <testcase name="getTrainerById_NotFound_404" classname="com.example.trainup.controller.TrainerControllerTest" time="0.012">
    <system-out><![CDATA[2025-08-02 19:43:57.407 [main] INFO  com.example.trainup.controller.TrainerController - Attempting to retrieve trainer with ID: 999
2025-08-02 19:43:57.408 [main] DEBUG com.example.trainup.exception.CustomGlobalExceptionHandler - Handling EntityNotFoundException: Cannot find Trainer by id:999
2025-08-02 19:43:57.408 [main] DEBUG com.example.trainup.exception.CustomGlobalExceptionHandler - Building response: status=404 NOT_FOUND, error=Entity not found, errors=[Cannot find Trainer by id:999]

MockHttpServletRequest:
      HTTP Method = GET
      Request URI = /trainer/999
       Parameters = {}
          Headers = [Content-Type:"application/json;charset=UTF-8"]
             Body = null
    Session Attrs = {}

Handler:
             Type = com.example.trainup.controller.TrainerController
           Method = com.example.trainup.controller.TrainerController#getTrainerById(Long)

Async:
    Async started = false
     Async result = null

Resolved Exception:
             Type = jakarta.persistence.EntityNotFoundException

ModelAndView:
        View name = null
             View = null
            Model = null

FlashMap:
       Attributes = null

MockHttpServletResponse:
           Status = 404
    Error message = null
          Headers = [Vary:"Origin", "Access-Control-Request-Method", "Access-Control-Request-Headers", Content-Type:"application/json", X-Content-Type-Options:"nosniff", X-XSS-Protection:"0", Cache-Control:"no-cache, no-store, max-age=0, must-revalidate", Pragma:"no-cache", Expires:"0", X-Frame-Options:"DENY"]
     Content type = application/json
             Body = {"timestamp":"2025-08-02T19:43:57.408911942","error":"Entity not found","errors":["Cannot find Trainer by id:999"]}
    Forwarded URL = null
   Redirected URL = null
          Cookies = []
]]></system-out>
  </testcase>
  <testcase name="deleteTrainerById_NotFound_404" classname="com.example.trainup.controller.TrainerControllerTest" time="0.012">
    <system-out><![CDATA[2025-08-02 19:43:57.420 [main] INFO  com.example.trainup.controller.TrainerController - Attempting to delete trainer with ID: 999 by user: admin@example.com
2025-08-02 19:43:57.421 [main] DEBUG com.example.trainup.exception.CustomGlobalExceptionHandler - Handling EntityNotFoundException: Cannot find Trainer by id:999
2025-08-02 19:43:57.422 [main] DEBUG com.example.trainup.exception.CustomGlobalExceptionHandler - Building response: status=404 NOT_FOUND, error=Entity not found, errors=[Cannot find Trainer by id:999]

MockHttpServletRequest:
      HTTP Method = DELETE
      Request URI = /trainer/999
       Parameters = {}
          Headers = [Content-Type:"application/json;charset=UTF-8"]
             Body = null
    Session Attrs = {}

Handler:
             Type = com.example.trainup.controller.TrainerController
           Method = com.example.trainup.controller.TrainerController#deleteTrainerById(Long, Authentication)

Async:
    Async started = false
     Async result = null

Resolved Exception:
             Type = jakarta.persistence.EntityNotFoundException

ModelAndView:
        View name = null
             View = null
            Model = null

FlashMap:
       Attributes = null

MockHttpServletResponse:
           Status = 404
    Error message = null
          Headers = [Vary:"Origin", "Access-Control-Request-Method", "Access-Control-Request-Headers", Content-Type:"application/json", X-Content-Type-Options:"nosniff", X-XSS-Protection:"0", Cache-Control:"no-cache, no-store, max-age=0, must-revalidate", Pragma:"no-cache", Expires:"0", X-Frame-Options:"DENY"]
     Content type = application/json
             Body = {"timestamp":"2025-08-02T19:43:57.422042638","error":"Entity not found","errors":["Cannot find Trainer by id:999"]}
    Forwarded URL = null
   Redirected URL = null
          Cookies = []
]]></system-out>
  </testcase>
  <testcase name="getCurrentTrainer_Success" classname="com.example.trainup.controller.TrainerControllerTest" time="0.01">
    <system-out><![CDATA[2025-08-02 19:43:57.432 [main] INFO  com.example.trainup.controller.TrainerController - Attempting to retrieve profile for current trainer: trainer@example.com
2025-08-02 19:43:57.433 [main] INFO  com.example.trainup.controller.TrainerController - Successfully retrieved profile for current trainer: trainer@example.com

MockHttpServletRequest:
      HTTP Method = GET
      Request URI = /trainer/my
       Parameters = {}
          Headers = [Content-Type:"application/json;charset=UTF-8"]
             Body = null
    Session Attrs = {}

Handler:
             Type = com.example.trainup.controller.TrainerController
           Method = com.example.trainup.controller.TrainerController#getCurrentTrainer(Authentication)

Async:
    Async started = false
     Async result = null

Resolved Exception:
             Type = null

ModelAndView:
        View name = null
             View = null
            Model = null

FlashMap:
       Attributes = null

MockHttpServletResponse:
           Status = 200
    Error message = null
          Headers = [Vary:"Origin", "Access-Control-Request-Method", "Access-Control-Request-Headers", Content-Type:"application/json", X-Content-Type-Options:"nosniff", X-XSS-Protection:"0", Cache-Control:"no-cache, no-store, max-age=0, must-revalidate", Pragma:"no-cache", Expires:"0", X-Frame-Options:"DENY"]
     Content type = application/json
             Body = {"id":1,"firstName":"John","lastName":"Doe","gender":"MALE","dateOfBirth":"1990-01-01","profileImageUrl":"http://example.com/image.jpg","email":"trainer@example.com","userType":"TRAINER","phoneNumbers":["123456789"],"sportIds":[1],"gymIds":[1],"location":null,"description":"Experienced trainer","socialMediaLinks":"http://social.com","overallRating":4.5,"numberOfReviews":10}
    Forwarded URL = null
   Redirected URL = null
          Cookies = []
]]></system-out>
  </testcase>
  <testcase name="updateTrainerById_NotFound_404" classname="com.example.trainup.controller.TrainerControllerTest" time="0.023">
    <system-out><![CDATA[2025-08-02 19:43:57.450 [main] INFO  com.example.trainup.controller.TrainerController - Attempting to update trainer with ID: 999 by user 'trainer@example.com' with request: TrainerUpdateRequestDto[firstName=John, lastName=Doe, gender=MALE, dateOfBirth=1990-01-01, profileImageUrl=http://example.com/image.jpg, phoneNumbers=[123456789], sportIds=[1], gymIds=[1], location=null, onlineTraining=true, certificates=[Certificate], description=Updated description, socialMediaLinks=http://social.com]
2025-08-02 19:43:57.456 [main] DEBUG com.example.trainup.exception.CustomGlobalExceptionHandler - Handling EntityNotFoundException: Trainer not found for email: trainer@example.com
2025-08-02 19:43:57.456 [main] DEBUG com.example.trainup.exception.CustomGlobalExceptionHandler - Building response: status=404 NOT_FOUND, error=Entity not found, errors=[Trainer not found for email: trainer@example.com]

MockHttpServletRequest:
      HTTP Method = PATCH
      Request URI = /trainer/999
       Parameters = {}
          Headers = [Content-Type:"application/json;charset=UTF-8", Content-Length:"330"]
             Body = {"firstName":"John","lastName":"Doe","gender":"MALE","dateOfBirth":"1990-01-01","profileImageUrl":"http://example.com/image.jpg","phoneNumbers":["123456789"],"sportIds":[1],"gymIds":[1],"location":null,"onlineTraining":true,"certificates":["Certificate"],"description":"Updated description","socialMediaLinks":"http://social.com"}
    Session Attrs = {}

Handler:
             Type = com.example.trainup.controller.TrainerController
           Method = com.example.trainup.controller.TrainerController#updateTrainerById(TrainerUpdateRequestDto, Long, Authentication)

Async:
    Async started = false
     Async result = null

Resolved Exception:
             Type = jakarta.persistence.EntityNotFoundException

ModelAndView:
        View name = null
             View = null
            Model = null

FlashMap:
       Attributes = null

MockHttpServletResponse:
           Status = 404
    Error message = null
          Headers = [Vary:"Origin", "Access-Control-Request-Method", "Access-Control-Request-Headers", Content-Type:"application/json", X-Content-Type-Options:"nosniff", X-XSS-Protection:"0", Cache-Control:"no-cache, no-store, max-age=0, must-revalidate", Pragma:"no-cache", Expires:"0", X-Frame-Options:"DENY"]
     Content type = application/json
             Body = {"timestamp":"2025-08-02T19:43:57.456485042","error":"Entity not found","errors":["Trainer not found for email: trainer@example.com"]}
    Forwarded URL = null
   Redirected URL = null
          Cookies = []
]]></system-out>
  </testcase>
  <testcase name="updateTrainerById_Success" classname="com.example.trainup.controller.TrainerControllerTest" time="0.013">
    <system-out><![CDATA[2025-08-02 19:43:57.468 [main] INFO  com.example.trainup.controller.TrainerController - Attempting to update trainer with ID: 1 by user 'trainer@example.com' with request: TrainerUpdateRequestDto[firstName=John, lastName=Doe, gender=MALE, dateOfBirth=1990-01-01, profileImageUrl=http://example.com/image.jpg, phoneNumbers=[123456789], sportIds=[1], gymIds=[1], location=null, onlineTraining=true, certificates=[Certificate], description=Updated description, socialMediaLinks=http://social.com]
2025-08-02 19:43:57.468 [main] INFO  com.example.trainup.controller.TrainerController - Trainer with ID: 1 successfully updated.

MockHttpServletRequest:
      HTTP Method = PATCH
      Request URI = /trainer/1
       Parameters = {}
          Headers = [Content-Type:"application/json;charset=UTF-8", Content-Length:"330"]
             Body = {"firstName":"John","lastName":"Doe","gender":"MALE","dateOfBirth":"1990-01-01","profileImageUrl":"http://example.com/image.jpg","phoneNumbers":["123456789"],"sportIds":[1],"gymIds":[1],"location":null,"onlineTraining":true,"certificates":["Certificate"],"description":"Updated description","socialMediaLinks":"http://social.com"}
    Session Attrs = {}

Handler:
             Type = com.example.trainup.controller.TrainerController
           Method = com.example.trainup.controller.TrainerController#updateTrainerById(TrainerUpdateRequestDto, Long, Authentication)

Async:
    Async started = false
     Async result = null

Resolved Exception:
             Type = null

ModelAndView:
        View name = null
             View = null
            Model = null

FlashMap:
       Attributes = null

MockHttpServletResponse:
           Status = 200
    Error message = null
          Headers = [Vary:"Origin", "Access-Control-Request-Method", "Access-Control-Request-Headers", Content-Type:"application/json", X-Content-Type-Options:"nosniff", X-XSS-Protection:"0", Cache-Control:"no-cache, no-store, max-age=0, must-revalidate", Pragma:"no-cache", Expires:"0", X-Frame-Options:"DENY"]
     Content type = application/json
             Body = {"id":1,"firstName":"John","lastName":"Doe","gender":"MALE","dateOfBirth":"1990-01-01","profileImageUrl":"http://example.com/image.jpg","email":"trainer@example.com","userType":"TRAINER","phoneNumbers":["123456789"],"sportIds":[1],"gymIds":[1],"location":null,"description":"Experienced trainer","socialMediaLinks":"http://social.com","overallRating":4.5,"numberOfReviews":10}
    Forwarded URL = null
   Redirected URL = null
          Cookies = []
]]></system-out>
  </testcase>
  <testcase name="getCurrentTrainer_Unauthorized_403" classname="com.example.trainup.controller.TrainerControllerTest" time="0.007">
    <system-out><![CDATA[
MockHttpServletRequest:
      HTTP Method = GET
      Request URI = /trainer/my
       Parameters = {}
          Headers = [Content-Type:"application/json;charset=UTF-8"]
             Body = null
    Session Attrs = {}

Handler:
             Type = null

Async:
    Async started = false
     Async result = null

Resolved Exception:
             Type = null

ModelAndView:
        View name = null
             View = null
            Model = null

FlashMap:
       Attributes = null

MockHttpServletResponse:
           Status = 403
    Error message = Access Denied
          Headers = [Vary:"Origin", "Access-Control-Request-Method", "Access-Control-Request-Headers", X-Content-Type-Options:"nosniff", X-XSS-Protection:"0", Cache-Control:"no-cache, no-store, max-age=0, must-revalidate", Pragma:"no-cache", Expires:"0", X-Frame-Options:"DENY"]
     Content type = null
             Body = 
    Forwarded URL = null
   Redirected URL = null
          Cookies = []
]]></system-out>
  </testcase>
  <testcase name="updateTrainerById_Unauthorized_403" classname="com.example.trainup.controller.TrainerControllerTest" time="0.013">
    <system-out><![CDATA[2025-08-02 19:43:57.489 [main] DEBUG com.example.trainup.exception.CustomGlobalExceptionHandler - Handling AuthorizationDeniedException: Access Denied
2025-08-02 19:43:57.490 [main] DEBUG com.example.trainup.exception.CustomGlobalExceptionHandler - Building response: status=403 FORBIDDEN, error=Authorization denied, errors=[Access Denied]

MockHttpServletRequest:
      HTTP Method = PATCH
      Request URI = /trainer/1
       Parameters = {}
          Headers = [Content-Type:"application/json;charset=UTF-8", Content-Length:"330"]
             Body = {"firstName":"John","lastName":"Doe","gender":"MALE","dateOfBirth":"1990-01-01","profileImageUrl":"http://example.com/image.jpg","phoneNumbers":["123456789"],"sportIds":[1],"gymIds":[1],"location":null,"onlineTraining":true,"certificates":["Certificate"],"description":"Updated description","socialMediaLinks":"http://social.com"}
    Session Attrs = {}

Handler:
             Type = com.example.trainup.controller.TrainerController
           Method = com.example.trainup.controller.TrainerController#updateTrainerById(TrainerUpdateRequestDto, Long, Authentication)

Async:
    Async started = false
     Async result = null

Resolved Exception:
             Type = org.springframework.security.authorization.AuthorizationDeniedException

ModelAndView:
        View name = null
             View = null
            Model = null

FlashMap:
       Attributes = null

MockHttpServletResponse:
           Status = 403
    Error message = null
          Headers = [Vary:"Origin", "Access-Control-Request-Method", "Access-Control-Request-Headers", Content-Type:"application/json", X-Content-Type-Options:"nosniff", X-XSS-Protection:"0", Cache-Control:"no-cache, no-store, max-age=0, must-revalidate", Pragma:"no-cache", Expires:"0", X-Frame-Options:"DENY"]
     Content type = application/json
             Body = {"timestamp":"2025-08-02T19:43:57.490244181","error":"Authorization denied","errors":["Access Denied"]}
    Forwarded URL = null
   Redirected URL = null
          Cookies = []
]]></system-out>
  </testcase>
  <testcase name="deleteTrainerById_Success_Admin" classname="com.example.trainup.controller.TrainerControllerTest" time="0.014">
    <system-out><![CDATA[2025-08-02 19:43:57.503 [main] INFO  com.example.trainup.controller.TrainerController - Attempting to delete trainer with ID: 1 by user: admin@example.com
2025-08-02 19:43:57.504 [main] INFO  com.example.trainup.controller.TrainerController - Trainer with ID: 1 successfully deleted.

MockHttpServletRequest:
      HTTP Method = DELETE
      Request URI = /trainer/1
       Parameters = {}
          Headers = [Content-Type:"application/json;charset=UTF-8"]
             Body = null
    Session Attrs = {}

Handler:
             Type = com.example.trainup.controller.TrainerController
           Method = com.example.trainup.controller.TrainerController#deleteTrainerById(Long, Authentication)

Async:
    Async started = false
     Async result = null

Resolved Exception:
             Type = null

ModelAndView:
        View name = null
             View = null
            Model = null

FlashMap:
       Attributes = null

MockHttpServletResponse:
           Status = 204
    Error message = null
          Headers = [Vary:"Origin", "Access-Control-Request-Method", "Access-Control-Request-Headers", X-Content-Type-Options:"nosniff", X-XSS-Protection:"0", Cache-Control:"no-cache, no-store, max-age=0, must-revalidate", Pragma:"no-cache", Expires:"0", X-Frame-Options:"DENY"]
     Content type = null
             Body = 
    Forwarded URL = null
   Redirected URL = null
          Cookies = []
]]></system-out>
  </testcase>
  <testcase name="deleteTrainerById_Unauthorized_403" classname="com.example.trainup.controller.TrainerControllerTest" time="0.01">
    <system-out><![CDATA[2025-08-02 19:43:57.516 [main] DEBUG com.example.trainup.exception.CustomGlobalExceptionHandler - Handling AuthorizationDeniedException: Access Denied
2025-08-02 19:43:57.517 [main] DEBUG com.example.trainup.exception.CustomGlobalExceptionHandler - Building response: status=403 FORBIDDEN, error=Authorization denied, errors=[Access Denied]

MockHttpServletRequest:
      HTTP Method = DELETE
      Request URI = /trainer/1
       Parameters = {}
          Headers = [Content-Type:"application/json;charset=UTF-8"]
             Body = null
    Session Attrs = {}

Handler:
             Type = com.example.trainup.controller.TrainerController
           Method = com.example.trainup.controller.TrainerController#deleteTrainerById(Long, Authentication)

Async:
    Async started = false
     Async result = null

Resolved Exception:
             Type = org.springframework.security.authorization.AuthorizationDeniedException

ModelAndView:
        View name = null
             View = null
            Model = null

FlashMap:
       Attributes = null

MockHttpServletResponse:
           Status = 403
    Error message = null
          Headers = [Vary:"Origin", "Access-Control-Request-Method", "Access-Control-Request-Headers", Content-Type:"application/json", X-Content-Type-Options:"nosniff", X-XSS-Protection:"0", Cache-Control:"no-cache, no-store, max-age=0, must-revalidate", Pragma:"no-cache", Expires:"0", X-Frame-Options:"DENY"]
     Content type = application/json
             Body = {"timestamp":"2025-08-02T19:43:57.517108435","error":"Authorization denied","errors":["Access Denied"]}
    Forwarded URL = null
   Redirected URL = null
          Cookies = []
]]></system-out>
  </testcase>
  <testcase name="deleteTrainerById_Success_Self" classname="com.example.trainup.controller.TrainerControllerTest" time="0.011">
    <system-out><![CDATA[2025-08-02 19:43:57.527 [main] INFO  com.example.trainup.controller.TrainerController - Attempting to delete trainer with ID: 1 by user: trainer@example.com
2025-08-02 19:43:57.528 [main] INFO  com.example.trainup.controller.TrainerController - Trainer with ID: 1 successfully deleted.

MockHttpServletRequest:
      HTTP Method = DELETE
      Request URI = /trainer/1
       Parameters = {}
          Headers = [Content-Type:"application/json;charset=UTF-8"]
             Body = null
    Session Attrs = {}

Handler:
             Type = com.example.trainup.controller.TrainerController
           Method = com.example.trainup.controller.TrainerController#deleteTrainerById(Long, Authentication)

Async:
    Async started = false
     Async result = null

Resolved Exception:
             Type = null

ModelAndView:
        View name = null
             View = null
            Model = null

FlashMap:
       Attributes = null

MockHttpServletResponse:
           Status = 204
    Error message = null
          Headers = [Vary:"Origin", "Access-Control-Request-Method", "Access-Control-Request-Headers", X-Content-Type-Options:"nosniff", X-XSS-Protection:"0", Cache-Control:"no-cache, no-store, max-age=0, must-revalidate", Pragma:"no-cache", Expires:"0", X-Frame-Options:"DENY"]
     Content type = null
             Body = 
    Forwarded URL = null
   Redirected URL = null
          Cookies = []
]]></system-out>
  </testcase>
  <testcase name="getTrainerById_InvalidId_400" classname="com.example.trainup.controller.TrainerControllerTest" time="0.012">
    <system-out><![CDATA[2025-08-02 19:43:57.540 [main] DEBUG com.example.trainup.exception.CustomGlobalExceptionHandler - Handling ConstraintViolationException: getTrainerById.id: must be greater than 0
2025-08-02 19:43:57.540 [main] DEBUG com.example.trainup.exception.CustomGlobalExceptionHandler - Building response: status=400 BAD_REQUEST, error=Validation error, errors=[getTrainerById.id: must be greater than 0]

MockHttpServletRequest:
      HTTP Method = GET
      Request URI = /trainer/0
       Parameters = {}
          Headers = [Content-Type:"application/json;charset=UTF-8"]
             Body = null
    Session Attrs = {}

Handler:
             Type = com.example.trainup.controller.TrainerController
           Method = com.example.trainup.controller.TrainerController#getTrainerById(Long)

Async:
    Async started = false
     Async result = null

Resolved Exception:
             Type = jakarta.validation.ConstraintViolationException

ModelAndView:
        View name = null
             View = null
            Model = null

FlashMap:
       Attributes = null

MockHttpServletResponse:
           Status = 400
    Error message = null
          Headers = [Vary:"Origin", "Access-Control-Request-Method", "Access-Control-Request-Headers", Content-Type:"application/json", X-Content-Type-Options:"nosniff", X-XSS-Protection:"0", Cache-Control:"no-cache, no-store, max-age=0, must-revalidate", Pragma:"no-cache", Expires:"0", X-Frame-Options:"DENY"]
     Content type = application/json
             Body = {"timestamp":"2025-08-02T19:43:57.540536891","error":"Validation error","errors":["getTrainerById.id: must be greater than 0"]}
    Forwarded URL = null
   Redirected URL = null
          Cookies = []
]]></system-out>
  </testcase>
</testsuite>