<?xml version="1.0" encoding="UTF-8"?>
<testsuite xmlns:xsi="http://www.w3.org/2001/XMLSchema-instance" xsi:noNamespaceSchemaLocation="https://maven.apache.org/surefire/maven-surefire-plugin/xsd/surefire-test-report.xsd" version="3.0.2" name="com.example.trainup.controller.AthleteControllerTest" time="22.575" tests="9" errors="0" skipped="0" failures="0">
  <properties>
[...]
</properties>
  <testcase name="updateAthleteById_Self_Success" classname="com.example.trainup.controller.AthleteControllerTest" time="0.445">
    <system-out><![CDATA[
  .   ____          _            __ _ _
 /\\ / ___'_ __ _ _(_)_ __  __ _ \ \ \ \
( ( )\___ | '_ | '_| | '_ \/ _` | \ \ \ \
 \\/  ___)| |_)| | | | | || (_| |  ) ) ) )
  '  |____| .__|_| |_|_| |_\__, | / / / /
 =========|_|==============|___/=/_/_/_/

 :: Spring Boot ::                (v3.4.3)

2025-08-09 16:34:46.946 [background-preinit] INFO  org.hibernate.validator.internal.util.Version - HV000001: Hibernate Validator 8.0.2.Final
2025-08-09 16:34:47.031 [main] INFO  com.example.trainup.controller.AthleteControllerTest - Starting AthleteControllerTest using Java 21.0.4 with PID 3840 (started by Bohdan_Sh in C:\Users\Bohdan_Sh\IdeaProjects\train-up\backend)
2025-08-09 16:34:47.040 [main] DEBUG com.example.trainup.controller.AthleteControllerTest - Running with Spring Boot v3.4.3, Spring v6.2.3
2025-08-09 16:34:47.044 [main] INFO  com.example.trainup.controller.AthleteControllerTest - The following 1 profile is active: "test"
2025-08-09 16:34:52.666 [main] INFO  com.zaxxer.hikari.HikariDataSource - HikariPool-1 - Starting...
2025-08-09 16:34:53.128 [main] INFO  com.zaxxer.hikari.pool.HikariPool - HikariPool-1 - Added connection conn0: url=jdbc:h2:mem:testdb user=SA
2025-08-09 16:34:53.131 [main] INFO  com.zaxxer.hikari.HikariDataSource - HikariPool-1 - Start completed.
2025-08-09 16:34:53.316 [main] INFO  liquibase.database - Set default schema name to PUBLIC
2025-08-09 16:34:54.397 [main] INFO  liquibase.changelog - Creating database history table with name: PUBLIC.DATABASECHANGELOG
2025-08-09 16:34:54.625 [main] INFO  liquibase.changelog - Reading from PUBLIC.DATABASECHANGELOG
2025-08-09 16:34:54.851 [main] INFO  liquibase.lockservice - Successfully acquired change log lock
2025-08-09 16:34:54.853 [main] INFO  liquibase.command - Using deploymentId: 4750094852
2025-08-09 16:34:54.856 [main] INFO  liquibase.changelog - Reading from PUBLIC.DATABASECHANGELOG
2025-08-09 16:34:55.093 [main] INFO  liquibase.ui - Running Changeset: db.changelog/changes/01-create-roles-table.yaml::01-create-roles-table::bohdan-s
2025-08-09 16:34:55.112 [main] INFO  liquibase.changelog - Table roles created
2025-08-09 16:34:55.113 [main] INFO  liquibase.changelog - ChangeSet db.changelog/changes/01-create-roles-table.yaml::01-create-roles-table::bohdan-s ran successfully in 18ms
2025-08-09 16:34:55.125 [main] INFO  liquibase.ui - Running Changeset: db.changelog/changes/02-create-user_credentials-table.yaml::02-create-user_credentials-table::bohdan-s
2025-08-09 16:34:55.130 [main] INFO  liquibase.changelog - Table user_credentials created
2025-08-09 16:34:55.131 [main] INFO  liquibase.changelog - ChangeSet db.changelog/changes/02-create-user_credentials-table.yaml::02-create-user_credentials-table::bohdan-s ran successfully in 5ms
2025-08-09 16:34:55.134 [main] INFO  liquibase.ui - Running Changeset: db.changelog/changes/03-create-admins-table.yaml::03-create-admins-table::bohdan-s
2025-08-09 16:34:55.146 [main] INFO  liquibase.changelog - Table admins created
2025-08-09 16:34:55.147 [main] INFO  liquibase.changelog - ChangeSet db.changelog/changes/03-create-admins-table.yaml::03-create-admins-table::bohdan-s ran successfully in 12ms
2025-08-09 16:34:55.150 [main] INFO  liquibase.ui - Running Changeset: db.changelog/changes/04-create-athletes-table.yaml::04-create-athletes-table::bohdan-s
2025-08-09 16:34:55.156 [main] INFO  liquibase.changelog - Table athletes created
2025-08-09 16:34:55.156 [main] INFO  liquibase.changelog - ChangeSet db.changelog/changes/04-create-athletes-table.yaml::04-create-athletes-table::bohdan-s ran successfully in 5ms
2025-08-09 16:34:55.159 [main] INFO  liquibase.ui - Running Changeset: db.changelog/changes/05-create-athlete_phone_numbers-table.yaml::05-create-athlete_phone_numbers-table::bohdan-s
2025-08-09 16:34:55.163 [main] INFO  liquibase.changelog - Table athlete_phone_numbers created
2025-08-09 16:34:55.164 [main] INFO  liquibase.changelog - ChangeSet db.changelog/changes/05-create-athlete_phone_numbers-table.yaml::05-create-athlete_phone_numbers-table::bohdan-s ran successfully in 4ms
2025-08-09 16:34:55.166 [main] INFO  liquibase.ui - Running Changeset: db.changelog/changes/06-create-sports-table.yaml::06-create-sports-table::bohdan-s
2025-08-09 16:34:55.170 [main] INFO  liquibase.changelog - Table sports created
2025-08-09 16:34:55.173 [main] INFO  liquibase.changelog - Index idx_sports_sport_name created
2025-08-09 16:34:55.174 [main] INFO  liquibase.changelog - ChangeSet db.changelog/changes/06-create-sports-table.yaml::06-create-sports-table::bohdan-s ran successfully in 6ms
2025-08-09 16:34:55.178 [main] INFO  liquibase.ui - Running Changeset: db.changelog/changes/07-create-sports_athletes-table.yaml::07-create-sports_athletes-table::bohdan-s
2025-08-09 16:34:55.184 [main] INFO  liquibase.changelog - Table sports_athletes created
2025-08-09 16:34:55.189 [main] INFO  liquibase.changelog - Primary key added to sports_athletes (sport_id,athlete_id)
2025-08-09 16:34:55.189 [main] INFO  liquibase.changelog - ChangeSet db.changelog/changes/07-create-sports_athletes-table.yaml::07-create-sports_athletes-table::bohdan-s ran successfully in 11ms
2025-08-09 16:34:55.192 [main] INFO  liquibase.ui - Running Changeset: db.changelog/changes/08-create-gym_owners-table.yaml::08-create-gym_owners-table::bohdan-s
2025-08-09 16:34:55.197 [main] INFO  liquibase.changelog - Table gym_owners created
2025-08-09 16:34:55.198 [main] INFO  liquibase.changelog - ChangeSet db.changelog/changes/08-create-gym_owners-table.yaml::08-create-gym_owners-table::bohdan-s ran successfully in 4ms
2025-08-09 16:34:55.200 [main] INFO  liquibase.ui - Running Changeset: db.changelog/changes/09-create-gym_owner_phone_numbers-table.yaml::09-create-gym_owner_phone_numbers-table::bohdan-s
2025-08-09 16:34:55.204 [main] INFO  liquibase.changelog - Table gym_owner_phone_numbers created
2025-08-09 16:34:55.204 [main] INFO  liquibase.changelog - ChangeSet db.changelog/changes/09-create-gym_owner_phone_numbers-table.yaml::09-create-gym_owner_phone_numbers-table::bohdan-s ran successfully in 3ms
2025-08-09 16:34:55.207 [main] INFO  liquibase.ui - Running Changeset: db.changelog/changes/10-create-addresses-table.yaml::10-create-addresses-table::bohdan-s
2025-08-09 16:34:55.211 [main] INFO  liquibase.changelog - Table addresses created
2025-08-09 16:34:55.212 [main] INFO  liquibase.changelog - ChangeSet db.changelog/changes/10-create-addresses-table.yaml::10-create-addresses-table::bohdan-s ran successfully in 4ms
2025-08-09 16:34:55.215 [main] INFO  liquibase.ui - Running Changeset: db.changelog/changes/11-create-gyms-table.yaml::11-create-gyms-table::bohdan-s
2025-08-09 16:34:55.225 [main] INFO  liquibase.changelog - Table gyms created
2025-08-09 16:34:55.226 [main] INFO  liquibase.changelog - ChangeSet db.changelog/changes/11-create-gyms-table.yaml::11-create-gyms-table::bohdan-s ran successfully in 9ms
2025-08-09 16:34:55.228 [main] INFO  liquibase.ui - Running Changeset: db.changelog/changes/12-create-gym_phone_numbers-table.yaml::12-create-gym_phone_numbers-table::bohdan-s
2025-08-09 16:34:55.233 [main] INFO  liquibase.changelog - Table gym_phone_numbers created
2025-08-09 16:34:55.234 [main] INFO  liquibase.changelog - ChangeSet db.changelog/changes/12-create-gym_phone_numbers-table.yaml::12-create-gym_phone_numbers-table::bohdan-s ran successfully in 4ms
2025-08-09 16:34:55.243 [main] INFO  liquibase.ui - Running Changeset: db.changelog/changes/13-create-gym_working_hours-table.yaml::13-create-gym_working_hours-table::bohdan-s
2025-08-09 16:34:55.248 [main] INFO  liquibase.changelog - Table gym_working_hours created
2025-08-09 16:34:55.248 [main] INFO  liquibase.changelog - ChangeSet db.changelog/changes/13-create-gym_working_hours-table.yaml::13-create-gym_working_hours-table::bohdan-s ran successfully in 5ms
2025-08-09 16:34:55.252 [main] INFO  liquibase.ui - Running Changeset: db.changelog/changes/14-create-sports_gyms-table.yaml::14-create-sports_gyms-table::bohdan-s
2025-08-09 16:34:55.257 [main] INFO  liquibase.changelog - Table sports_gyms created
2025-08-09 16:34:55.260 [main] INFO  liquibase.changelog - Primary key added to sports_gyms (sport_id, gym_id)
2025-08-09 16:34:55.261 [main] INFO  liquibase.changelog - ChangeSet db.changelog/changes/14-create-sports_gyms-table.yaml::14-create-sports_gyms-table::bohdan-s ran successfully in 9ms
2025-08-09 16:34:55.265 [main] INFO  liquibase.ui - Running Changeset: db.changelog/changes/15-create-gym_photos-table.yaml::15-create-gym_photos-table::bohdan-s
2025-08-09 16:34:55.271 [main] INFO  liquibase.changelog - Table gym_photos created
2025-08-09 16:34:55.272 [main] INFO  liquibase.changelog - ChangeSet db.changelog/changes/15-create-gym_photos-table.yaml::15-create-gym_photos-table::bohdan-s ran successfully in 6ms
2025-08-09 16:34:55.277 [main] INFO  liquibase.ui - Running Changeset: db.changelog/changes/16-create-trainers-table.yaml::16-create-trainers-table::bohdan-s
2025-08-09 16:34:55.285 [main] INFO  liquibase.changelog - Table trainers created
2025-08-09 16:34:55.285 [main] INFO  liquibase.changelog - ChangeSet db.changelog/changes/16-create-trainers-table.yaml::16-create-trainers-table::bohdan-s ran successfully in 7ms
2025-08-09 16:34:55.288 [main] INFO  liquibase.ui - Running Changeset: db.changelog/changes/17-create-trainer_phone_numbers-table.yaml::17-create-trainer_phone_numbers-table::bohdan-s
2025-08-09 16:34:55.292 [main] INFO  liquibase.changelog - Table trainer_phone_numbers created
2025-08-09 16:34:55.293 [main] INFO  liquibase.changelog - ChangeSet db.changelog/changes/17-create-trainer_phone_numbers-table.yaml::17-create-trainer_phone_numbers-table::bohdan-s ran successfully in 4ms
2025-08-09 16:34:55.295 [main] INFO  liquibase.ui - Running Changeset: db.changelog/changes/18-create-sports_trainers-table.yaml::18-create-sports_trainers-table::bohdan-s
2025-08-09 16:34:55.300 [main] INFO  liquibase.changelog - Table sports_trainers created
2025-08-09 16:34:55.302 [main] INFO  liquibase.changelog - Primary key added to sports_trainers (sport_id, trainer_id)
2025-08-09 16:34:55.302 [main] INFO  liquibase.changelog - ChangeSet db.changelog/changes/18-create-sports_trainers-table.yaml::18-create-sports_trainers-table::bohdan-s ran successfully in 7ms
2025-08-09 16:34:55.305 [main] INFO  liquibase.ui - Running Changeset: db.changelog/changes/19-create-gyms_trainers-table.yaml::19-create-gyms_trainers-table::bohdan-s
2025-08-09 16:34:55.309 [main] INFO  liquibase.changelog - Table gyms_trainers created
2025-08-09 16:34:55.311 [main] INFO  liquibase.changelog - Primary key added to gyms_trainers (gym_id, trainer_id)
2025-08-09 16:34:55.312 [main] INFO  liquibase.changelog - ChangeSet db.changelog/changes/19-create-gyms_trainers-table.yaml::19-create-gyms_trainers-table::bohdan-s ran successfully in 6ms
2025-08-09 16:34:55.315 [main] INFO  liquibase.ui - Running Changeset: db.changelog/changes/20-create-reviews-table.yaml::20-create-reviews-table::bohdan-s
2025-08-09 16:34:55.321 [main] INFO  liquibase.changelog - Table reviews created
2025-08-09 16:34:55.322 [main] INFO  liquibase.changelog - ChangeSet db.changelog/changes/20-create-reviews-table.yaml::20-create-reviews-table::bohdan-s ran successfully in 7ms
2025-08-09 16:34:55.325 [main] INFO  liquibase.ui - Running Changeset: db.changelog/changes/21-create-events-table.yaml::21-create-events-table::bohdan-s
2025-08-09 16:34:55.335 [main] INFO  liquibase.changelog - Table events created
2025-08-09 16:34:55.336 [main] INFO  liquibase.changelog - ChangeSet db.changelog/changes/21-create-events-table.yaml::21-create-events-table::bohdan-s ran successfully in 10ms
2025-08-09 16:34:55.339 [main] INFO  liquibase.ui - Running Changeset: db.changelog/changes/22-create-user_credentials_roles-table.yaml::22-create-user_credentials_roles-table::bohdan-s
2025-08-09 16:34:55.345 [main] INFO  liquibase.changelog - Table user_credentials_roles created
2025-08-09 16:34:55.347 [main] INFO  liquibase.changelog - Primary key added to user_credentials_roles (user_credentials_id, role_id)
2025-08-09 16:34:55.348 [main] INFO  liquibase.changelog - ChangeSet db.changelog/changes/22-create-user_credentials_roles-table.yaml::22-create-user_credentials_roles-table::bohdan-s ran successfully in 7ms
2025-08-09 16:34:55.350 [main] INFO  liquibase.ui - Running Changeset: db.changelog/changes/23-create-trainer_certificates-table.yaml::23-create-trainer_certificates-table::bohdan-s
2025-08-09 16:34:55.354 [main] INFO  liquibase.changelog - Table trainer_certificates created
2025-08-09 16:34:55.354 [main] INFO  liquibase.changelog - ChangeSet db.changelog/changes/23-create-trainer_certificates-table.yaml::23-create-trainer_certificates-table::bohdan-s ran successfully in 4ms
2025-08-09 16:34:55.363 [main] INFO  liquibase.ui - Running Changeset: db.changelog/changes/24-insert-sports-data.yaml::24-insert-sports-data::bohdan-s
2025-08-09 16:34:55.368 [main] INFO  liquibase.changelog - New row inserted into sports
2025-08-09 16:34:55.371 [main] INFO  liquibase.changelog - New row inserted into sports
2025-08-09 16:34:55.375 [main] INFO  liquibase.changelog - New row inserted into sports
2025-08-09 16:34:55.380 [main] INFO  liquibase.changelog - New row inserted into sports
2025-08-09 16:34:55.383 [main] INFO  liquibase.changelog - New row inserted into sports
2025-08-09 16:34:55.386 [main] INFO  liquibase.changelog - New row inserted into sports
2025-08-09 16:34:55.391 [main] INFO  liquibase.changelog - New row inserted into sports
2025-08-09 16:34:55.394 [main] INFO  liquibase.changelog - New row inserted into sports
2025-08-09 16:34:55.396 [main] INFO  liquibase.changelog - New row inserted into sports
2025-08-09 16:34:55.398 [main] INFO  liquibase.changelog - New row inserted into sports
2025-08-09 16:34:55.400 [main] INFO  liquibase.changelog - New row inserted into sports
2025-08-09 16:34:55.402 [main] INFO  liquibase.changelog - New row inserted into sports
2025-08-09 16:34:55.405 [main] INFO  liquibase.changelog - New row inserted into sports
2025-08-09 16:34:55.407 [main] INFO  liquibase.changelog - New row inserted into sports
2025-08-09 16:34:55.408 [main] INFO  liquibase.changelog - New row inserted into sports
2025-08-09 16:34:55.409 [main] INFO  liquibase.changelog - New row inserted into sports
2025-08-09 16:34:55.411 [main] INFO  liquibase.changelog - New row inserted into sports
2025-08-09 16:34:55.412 [main] INFO  liquibase.changelog - ChangeSet db.changelog/changes/24-insert-sports-data.yaml::24-insert-sports-data::bohdan-s ran successfully in 48ms
2025-08-09 16:34:55.416 [main] INFO  liquibase.ui - Running Changeset: db.changelog/changes/25-insert-roles-to-roles.yaml::25-insert-roles-to-roles::bohdan-s
2025-08-09 16:34:55.422 [main] INFO  liquibase.changelog - New row inserted into roles
2025-08-09 16:34:55.424 [main] INFO  liquibase.changelog - New row inserted into roles
2025-08-09 16:34:55.426 [main] INFO  liquibase.changelog - New row inserted into roles
2025-08-09 16:34:55.428 [main] INFO  liquibase.changelog - New row inserted into roles
2025-08-09 16:34:55.428 [main] INFO  liquibase.changelog - ChangeSet db.changelog/changes/25-insert-roles-to-roles.yaml::25-insert-roles-to-roles::bohdan-s ran successfully in 11ms
2025-08-09 16:34:55.431 [main] INFO  liquibase.ui - Running Changeset: db.changelog/changes/26-insert-admin-to-admins.yaml::26-insert-admin-to-admins::bohdan-s
2025-08-09 16:34:55.471 [main] INFO  liquibase.changelog - Custom SQL executed
2025-08-09 16:34:55.474 [main] INFO  liquibase.changelog - New row inserted into admins
2025-08-09 16:34:55.477 [main] INFO  liquibase.changelog - New row inserted into user_credentials_roles
2025-08-09 16:34:55.478 [main] INFO  liquibase.changelog - ChangeSet db.changelog/changes/26-insert-admin-to-admins.yaml::26-insert-admin-to-admins::bohdan-s ran successfully in 47ms
2025-08-09 16:34:55.505 [main] INFO  liquibase.ui - Running Changeset: db.changelog/changes/27-insert-trainers-for-testing.yaml::27-insert-trainers-for-testing::bohdan-s
2025-08-09 16:34:55.509 [main] INFO  liquibase.changelog - New row inserted into user_credentials
2025-08-09 16:34:55.512 [main] INFO  liquibase.changelog - New row inserted into user_credentials_roles
2025-08-09 16:34:55.514 [main] INFO  liquibase.changelog - New row inserted into addresses
2025-08-09 16:34:55.522 [main] INFO  liquibase.changelog - New row inserted into trainers
2025-08-09 16:34:55.524 [main] INFO  liquibase.changelog - New row inserted into trainer_phone_numbers
2025-08-09 16:34:55.526 [main] INFO  liquibase.changelog - New row inserted into trainer_certificates
2025-08-09 16:34:55.528 [main] INFO  liquibase.changelog - New row inserted into sports_trainers
2025-08-09 16:34:55.530 [main] INFO  liquibase.changelog - New row inserted into sports_trainers
2025-08-09 16:34:55.532 [main] INFO  liquibase.changelog - New row inserted into user_credentials
2025-08-09 16:34:55.533 [main] INFO  liquibase.changelog - New row inserted into user_credentials_roles
2025-08-09 16:34:55.535 [main] INFO  liquibase.changelog - New row inserted into addresses
2025-08-09 16:34:55.537 [main] INFO  liquibase.changelog - New row inserted into trainers
2025-08-09 16:34:55.539 [main] INFO  liquibase.changelog - New row inserted into trainer_phone_numbers
2025-08-09 16:34:55.541 [main] INFO  liquibase.changelog - New row inserted into trainer_certificates
2025-08-09 16:34:55.543 [main] INFO  liquibase.changelog - New row inserted into sports_trainers
2025-08-09 16:34:55.545 [main] INFO  liquibase.changelog - New row inserted into sports_trainers
2025-08-09 16:34:55.547 [main] INFO  liquibase.changelog - New row inserted into user_credentials
2025-08-09 16:34:55.549 [main] INFO  liquibase.changelog - New row inserted into user_credentials_roles
2025-08-09 16:34:55.550 [main] INFO  liquibase.changelog - New row inserted into addresses
2025-08-09 16:34:55.553 [main] INFO  liquibase.changelog - New row inserted into trainers
2025-08-09 16:34:55.555 [main] INFO  liquibase.changelog - New row inserted into trainer_phone_numbers
2025-08-09 16:34:55.556 [main] INFO  liquibase.changelog - New row inserted into trainer_certificates
2025-08-09 16:34:55.558 [main] INFO  liquibase.changelog - New row inserted into sports_trainers
2025-08-09 16:34:55.562 [main] INFO  liquibase.changelog - New row inserted into sports_trainers
2025-08-09 16:34:55.563 [main] INFO  liquibase.changelog - New row inserted into user_credentials
2025-08-09 16:34:55.566 [main] INFO  liquibase.changelog - New row inserted into user_credentials_roles
2025-08-09 16:34:55.568 [main] INFO  liquibase.changelog - New row inserted into addresses
2025-08-09 16:34:55.570 [main] INFO  liquibase.changelog - New row inserted into trainers
2025-08-09 16:34:55.572 [main] INFO  liquibase.changelog - New row inserted into trainer_phone_numbers
2025-08-09 16:34:55.574 [main] INFO  liquibase.changelog - New row inserted into trainer_certificates
2025-08-09 16:34:55.576 [main] INFO  liquibase.changelog - New row inserted into sports_trainers
2025-08-09 16:34:55.578 [main] INFO  liquibase.changelog - New row inserted into sports_trainers
2025-08-09 16:34:55.579 [main] INFO  liquibase.changelog - New row inserted into user_credentials
2025-08-09 16:34:55.582 [main] INFO  liquibase.changelog - New row inserted into user_credentials_roles
2025-08-09 16:34:55.584 [main] INFO  liquibase.changelog - New row inserted into addresses
2025-08-09 16:34:55.586 [main] INFO  liquibase.changelog - New row inserted into trainers
2025-08-09 16:34:55.588 [main] INFO  liquibase.changelog - New row inserted into trainer_phone_numbers
2025-08-09 16:34:55.591 [main] INFO  liquibase.changelog - New row inserted into trainer_certificates
2025-08-09 16:34:55.593 [main] INFO  liquibase.changelog - New row inserted into sports_trainers
2025-08-09 16:34:55.595 [main] INFO  liquibase.changelog - New row inserted into user_credentials
2025-08-09 16:34:55.596 [main] INFO  liquibase.changelog - New row inserted into user_credentials_roles
2025-08-09 16:34:55.598 [main] INFO  liquibase.changelog - New row inserted into addresses
2025-08-09 16:34:55.600 [main] INFO  liquibase.changelog - New row inserted into trainers
2025-08-09 16:34:55.602 [main] INFO  liquibase.changelog - New row inserted into trainer_phone_numbers
2025-08-09 16:34:55.604 [main] INFO  liquibase.changelog - New row inserted into trainer_certificates
2025-08-09 16:34:55.605 [main] INFO  liquibase.changelog - New row inserted into sports_trainers
2025-08-09 16:34:55.607 [main] INFO  liquibase.changelog - New row inserted into user_credentials
2025-08-09 16:34:55.608 [main] INFO  liquibase.changelog - New row inserted into user_credentials_roles
2025-08-09 16:34:55.609 [main] INFO  liquibase.changelog - New row inserted into addresses
2025-08-09 16:34:55.611 [main] INFO  liquibase.changelog - New row inserted into trainers
2025-08-09 16:34:55.613 [main] INFO  liquibase.changelog - New row inserted into trainer_phone_numbers
2025-08-09 16:34:55.614 [main] INFO  liquibase.changelog - New row inserted into trainer_certificates
2025-08-09 16:34:55.616 [main] INFO  liquibase.changelog - New row inserted into sports_trainers
2025-08-09 16:34:55.617 [main] INFO  liquibase.changelog - New row inserted into user_credentials
2025-08-09 16:34:55.618 [main] INFO  liquibase.changelog - New row inserted into user_credentials_roles
2025-08-09 16:34:55.619 [main] INFO  liquibase.changelog - New row inserted into addresses
2025-08-09 16:34:55.621 [main] INFO  liquibase.changelog - New row inserted into trainers
2025-08-09 16:34:55.623 [main] INFO  liquibase.changelog - New row inserted into trainer_phone_numbers
2025-08-09 16:34:55.624 [main] INFO  liquibase.changelog - New row inserted into trainer_certificates
2025-08-09 16:34:55.626 [main] INFO  liquibase.changelog - New row inserted into sports_trainers
2025-08-09 16:34:55.627 [main] INFO  liquibase.changelog - New row inserted into sports_trainers
2025-08-09 16:34:55.630 [main] INFO  liquibase.changelog - New row inserted into user_credentials
2025-08-09 16:34:55.631 [main] INFO  liquibase.changelog - New row inserted into user_credentials_roles
2025-08-09 16:34:55.632 [main] INFO  liquibase.changelog - New row inserted into addresses
2025-08-09 16:34:55.639 [main] INFO  liquibase.changelog - New row inserted into trainers
2025-08-09 16:34:55.640 [main] INFO  liquibase.changelog - New row inserted into trainer_phone_numbers
2025-08-09 16:34:55.641 [main] INFO  liquibase.changelog - New row inserted into trainer_certificates
2025-08-09 16:34:55.642 [main] INFO  liquibase.changelog - New row inserted into sports_trainers
2025-08-09 16:34:55.643 [main] INFO  liquibase.changelog - New row inserted into sports_trainers
2025-08-09 16:34:55.644 [main] INFO  liquibase.changelog - New row inserted into user_credentials
2025-08-09 16:34:55.645 [main] INFO  liquibase.changelog - New row inserted into user_credentials_roles
2025-08-09 16:34:55.646 [main] INFO  liquibase.changelog - New row inserted into addresses
2025-08-09 16:34:55.648 [main] INFO  liquibase.changelog - New row inserted into trainers
2025-08-09 16:34:55.650 [main] INFO  liquibase.changelog - New row inserted into trainer_phone_numbers
2025-08-09 16:34:55.651 [main] INFO  liquibase.changelog - New row inserted into trainer_certificates
2025-08-09 16:34:55.652 [main] INFO  liquibase.changelog - New row inserted into sports_trainers
2025-08-09 16:34:55.654 [main] INFO  liquibase.changelog - New row inserted into sports_trainers
2025-08-09 16:34:55.656 [main] INFO  liquibase.changelog - ChangeSet db.changelog/changes/27-insert-trainers-for-testing.yaml::27-insert-trainers-for-testing::bohdan-s ran successfully in 150ms
2025-08-09 16:34:55.690 [main] INFO  liquibase.ui - Running Changeset: db.changelog/changes/28-insert-gym-owner-and-gyms.yaml::28-insert-gym-owner-and-gyms::bohdan-s
2025-08-09 16:34:55.693 [main] INFO  liquibase.changelog - New row inserted into user_credentials
2025-08-09 16:34:55.695 [main] INFO  liquibase.changelog - New row inserted into user_credentials_roles
2025-08-09 16:34:55.697 [main] INFO  liquibase.changelog - New row inserted into gym_owners
2025-08-09 16:34:55.698 [main] INFO  liquibase.changelog - New row inserted into gym_owner_phone_numbers
2025-08-09 16:34:55.700 [main] INFO  liquibase.changelog - New row inserted into addresses
2025-08-09 16:34:55.702 [main] INFO  liquibase.changelog - New row inserted into gyms
2025-08-09 16:34:55.704 [main] INFO  liquibase.changelog - New row inserted into gym_phone_numbers
2025-08-09 16:34:55.706 [main] INFO  liquibase.changelog - New row inserted into gym_working_hours
2025-08-09 16:34:55.707 [main] INFO  liquibase.changelog - New row inserted into gym_working_hours
2025-08-09 16:34:55.709 [main] INFO  liquibase.changelog - New row inserted into gym_working_hours
2025-08-09 16:34:55.710 [main] INFO  liquibase.changelog - New row inserted into gym_working_hours
2025-08-09 16:34:55.711 [main] INFO  liquibase.changelog - New row inserted into gym_working_hours
2025-08-09 16:34:55.713 [main] INFO  liquibase.changelog - New row inserted into gym_working_hours
2025-08-09 16:34:55.714 [main] INFO  liquibase.changelog - New row inserted into gym_working_hours
2025-08-09 16:34:55.716 [main] INFO  liquibase.changelog - New row inserted into sports_gyms
2025-08-09 16:34:55.718 [main] INFO  liquibase.changelog - New row inserted into sports_gyms
2025-08-09 16:34:55.719 [main] INFO  liquibase.changelog - New row inserted into addresses
2025-08-09 16:34:55.721 [main] INFO  liquibase.changelog - New row inserted into gyms
2025-08-09 16:34:55.722 [main] INFO  liquibase.changelog - New row inserted into gym_phone_numbers
2025-08-09 16:34:55.724 [main] INFO  liquibase.changelog - New row inserted into gym_working_hours
2025-08-09 16:34:55.725 [main] INFO  liquibase.changelog - New row inserted into gym_working_hours
2025-08-09 16:34:55.727 [main] INFO  liquibase.changelog - New row inserted into gym_working_hours
2025-08-09 16:34:55.729 [main] INFO  liquibase.changelog - New row inserted into gym_working_hours
2025-08-09 16:34:55.730 [main] INFO  liquibase.changelog - New row inserted into gym_working_hours
2025-08-09 16:34:55.732 [main] INFO  liquibase.changelog - New row inserted into gym_working_hours
2025-08-09 16:34:55.734 [main] INFO  liquibase.changelog - New row inserted into sports_gyms
2025-08-09 16:34:55.735 [main] INFO  liquibase.changelog - New row inserted into sports_gyms
2025-08-09 16:34:55.737 [main] INFO  liquibase.changelog - New row inserted into sports_gyms
2025-08-09 16:34:55.738 [main] INFO  liquibase.changelog - New row inserted into addresses
2025-08-09 16:34:55.739 [main] INFO  liquibase.changelog - New row inserted into gyms
2025-08-09 16:34:55.741 [main] INFO  liquibase.changelog - New row inserted into gym_phone_numbers
2025-08-09 16:34:55.742 [main] INFO  liquibase.changelog - New row inserted into gym_working_hours
2025-08-09 16:34:55.744 [main] INFO  liquibase.changelog - New row inserted into gym_working_hours
2025-08-09 16:34:55.745 [main] INFO  liquibase.changelog - New row inserted into gym_working_hours
2025-08-09 16:34:55.746 [main] INFO  liquibase.changelog - New row inserted into gym_working_hours
2025-08-09 16:34:55.747 [main] INFO  liquibase.changelog - New row inserted into gym_working_hours
2025-08-09 16:34:55.748 [main] INFO  liquibase.changelog - New row inserted into gym_working_hours
2025-08-09 16:34:55.749 [main] INFO  liquibase.changelog - New row inserted into gym_working_hours
2025-08-09 16:34:55.751 [main] INFO  liquibase.changelog - New row inserted into sports_gyms
2025-08-09 16:34:55.752 [main] INFO  liquibase.changelog - New row inserted into sports_gyms
2025-08-09 16:34:55.753 [main] INFO  liquibase.changelog - New row inserted into sports_gyms
2025-08-09 16:34:55.754 [main] INFO  liquibase.changelog - New row inserted into addresses
2025-08-09 16:34:55.755 [main] INFO  liquibase.changelog - New row inserted into gyms
2025-08-09 16:34:55.757 [main] INFO  liquibase.changelog - New row inserted into gym_phone_numbers
2025-08-09 16:34:55.758 [main] INFO  liquibase.changelog - New row inserted into gym_working_hours
2025-08-09 16:34:55.759 [main] INFO  liquibase.changelog - New row inserted into gym_working_hours
2025-08-09 16:34:55.760 [main] INFO  liquibase.changelog - New row inserted into gym_working_hours
2025-08-09 16:34:55.761 [main] INFO  liquibase.changelog - New row inserted into gym_working_hours
2025-08-09 16:34:55.762 [main] INFO  liquibase.changelog - New row inserted into gym_working_hours
2025-08-09 16:34:55.764 [main] INFO  liquibase.changelog - New row inserted into gym_working_hours
2025-08-09 16:34:55.766 [main] INFO  liquibase.changelog - New row inserted into gym_working_hours
2025-08-09 16:34:55.768 [main] INFO  liquibase.changelog - New row inserted into sports_gyms
2025-08-09 16:34:55.769 [main] INFO  liquibase.changelog - New row inserted into sports_gyms
2025-08-09 16:34:55.771 [main] INFO  liquibase.changelog - New row inserted into sports_gyms
2025-08-09 16:34:55.772 [main] INFO  liquibase.changelog - New row inserted into addresses
2025-08-09 16:34:55.774 [main] INFO  liquibase.changelog - New row inserted into gyms
2025-08-09 16:34:55.776 [main] INFO  liquibase.changelog - New row inserted into gym_phone_numbers
2025-08-09 16:34:55.779 [main] INFO  liquibase.changelog - New row inserted into gym_working_hours
2025-08-09 16:34:55.781 [main] INFO  liquibase.changelog - New row inserted into gym_working_hours
2025-08-09 16:34:55.783 [main] INFO  liquibase.changelog - New row inserted into gym_working_hours
2025-08-09 16:34:55.785 [main] INFO  liquibase.changelog - New row inserted into gym_working_hours
2025-08-09 16:34:55.787 [main] INFO  liquibase.changelog - New row inserted into gym_working_hours
2025-08-09 16:34:55.788 [main] INFO  liquibase.changelog - New row inserted into gym_working_hours
2025-08-09 16:34:55.792 [main] INFO  liquibase.changelog - New row inserted into sports_gyms
2025-08-09 16:34:55.794 [main] INFO  liquibase.changelog - New row inserted into sports_gyms
2025-08-09 16:34:55.796 [main] INFO  liquibase.changelog - New row inserted into sports_gyms
2025-08-09 16:34:55.797 [main] INFO  liquibase.changelog - New row inserted into addresses
2025-08-09 16:34:55.799 [main] INFO  liquibase.changelog - New row inserted into gyms
2025-08-09 16:34:55.801 [main] INFO  liquibase.changelog - New row inserted into gym_phone_numbers
2025-08-09 16:34:55.802 [main] INFO  liquibase.changelog - New row inserted into gym_working_hours
2025-08-09 16:34:55.804 [main] INFO  liquibase.changelog - New row inserted into gym_working_hours
2025-08-09 16:34:55.805 [main] INFO  liquibase.changelog - New row inserted into gym_working_hours
2025-08-09 16:34:55.807 [main] INFO  liquibase.changelog - New row inserted into gym_working_hours
2025-08-09 16:34:55.809 [main] INFO  liquibase.changelog - New row inserted into gym_working_hours
2025-08-09 16:34:55.811 [main] INFO  liquibase.changelog - New row inserted into gym_working_hours
2025-08-09 16:34:55.813 [main] INFO  liquibase.changelog - New row inserted into sports_gyms
2025-08-09 16:34:55.814 [main] INFO  liquibase.changelog - New row inserted into sports_gyms
2025-08-09 16:34:55.816 [main] INFO  liquibase.changelog - New row inserted into addresses
2025-08-09 16:34:55.817 [main] INFO  liquibase.changelog - New row inserted into gyms
2025-08-09 16:34:55.820 [main] INFO  liquibase.changelog - New row inserted into gym_phone_numbers
2025-08-09 16:34:55.821 [main] INFO  liquibase.changelog - New row inserted into gym_working_hours
2025-08-09 16:34:55.823 [main] INFO  liquibase.changelog - New row inserted into gym_working_hours
2025-08-09 16:34:55.825 [main] INFO  liquibase.changelog - New row inserted into gym_working_hours
2025-08-09 16:34:55.826 [main] INFO  liquibase.changelog - New row inserted into gym_working_hours
2025-08-09 16:34:55.828 [main] INFO  liquibase.changelog - New row inserted into gym_working_hours
2025-08-09 16:34:55.829 [main] INFO  liquibase.changelog - New row inserted into gym_working_hours
2025-08-09 16:34:55.830 [main] INFO  liquibase.changelog - New row inserted into gym_working_hours
2025-08-09 16:34:55.832 [main] INFO  liquibase.changelog - New row inserted into sports_gyms
2025-08-09 16:34:55.833 [main] INFO  liquibase.changelog - New row inserted into addresses
2025-08-09 16:34:55.834 [main] INFO  liquibase.changelog - New row inserted into gyms
2025-08-09 16:34:55.836 [main] INFO  liquibase.changelog - New row inserted into gym_phone_numbers
2025-08-09 16:34:55.837 [main] INFO  liquibase.changelog - New row inserted into gym_working_hours
2025-08-09 16:34:55.838 [main] INFO  liquibase.changelog - New row inserted into gym_working_hours
2025-08-09 16:34:55.841 [main] INFO  liquibase.changelog - New row inserted into gym_working_hours
2025-08-09 16:34:55.842 [main] INFO  liquibase.changelog - New row inserted into gym_working_hours
2025-08-09 16:34:55.844 [main] INFO  liquibase.changelog - New row inserted into gym_working_hours
2025-08-09 16:34:55.846 [main] INFO  liquibase.changelog - New row inserted into gym_working_hours
2025-08-09 16:34:55.847 [main] INFO  liquibase.changelog - New row inserted into sports_gyms
2025-08-09 16:34:55.848 [main] INFO  liquibase.changelog - New row inserted into sports_gyms
2025-08-09 16:34:55.850 [main] INFO  liquibase.changelog - New row inserted into sports_gyms
2025-08-09 16:34:55.851 [main] INFO  liquibase.changelog - New row inserted into addresses
2025-08-09 16:34:55.853 [main] INFO  liquibase.changelog - New row inserted into gyms
2025-08-09 16:34:55.854 [main] INFO  liquibase.changelog - New row inserted into gym_phone_numbers
2025-08-09 16:34:55.856 [main] INFO  liquibase.changelog - New row inserted into gym_working_hours
2025-08-09 16:34:55.858 [main] INFO  liquibase.changelog - New row inserted into gym_working_hours
2025-08-09 16:34:55.859 [main] INFO  liquibase.changelog - New row inserted into gym_working_hours
2025-08-09 16:34:55.861 [main] INFO  liquibase.changelog - New row inserted into gym_working_hours
2025-08-09 16:34:55.862 [main] INFO  liquibase.changelog - New row inserted into gym_working_hours
2025-08-09 16:34:55.863 [main] INFO  liquibase.changelog - New row inserted into gym_working_hours
2025-08-09 16:34:55.865 [main] INFO  liquibase.changelog - New row inserted into gym_working_hours
2025-08-09 16:34:55.866 [main] INFO  liquibase.changelog - New row inserted into sports_gyms
2025-08-09 16:34:55.867 [main] INFO  liquibase.changelog - New row inserted into sports_gyms
2025-08-09 16:34:55.869 [main] INFO  liquibase.changelog - New row inserted into sports_gyms
2025-08-09 16:34:55.870 [main] INFO  liquibase.changelog - New row inserted into addresses
2025-08-09 16:34:55.872 [main] INFO  liquibase.changelog - New row inserted into gyms
2025-08-09 16:34:55.874 [main] INFO  liquibase.changelog - New row inserted into gym_phone_numbers
2025-08-09 16:34:55.875 [main] INFO  liquibase.changelog - New row inserted into gym_working_hours
2025-08-09 16:34:55.878 [main] INFO  liquibase.changelog - New row inserted into gym_working_hours
2025-08-09 16:34:55.880 [main] INFO  liquibase.changelog - New row inserted into gym_working_hours
2025-08-09 16:34:55.881 [main] INFO  liquibase.changelog - New row inserted into gym_working_hours
2025-08-09 16:34:55.883 [main] INFO  liquibase.changelog - New row inserted into gym_working_hours
2025-08-09 16:34:55.884 [main] INFO  liquibase.changelog - New row inserted into gym_working_hours
2025-08-09 16:34:55.887 [main] INFO  liquibase.changelog - New row inserted into gym_working_hours
2025-08-09 16:34:55.889 [main] INFO  liquibase.changelog - New row inserted into sports_gyms
2025-08-09 16:34:55.891 [main] INFO  liquibase.changelog - New row inserted into sports_gyms
2025-08-09 16:34:55.893 [main] INFO  liquibase.changelog - New row inserted into sports_gyms
2025-08-09 16:34:55.895 [main] INFO  liquibase.changelog - ChangeSet db.changelog/changes/28-insert-gym-owner-and-gyms.yaml::28-insert-gym-owner-and-gyms::bohdan-s ran successfully in 204ms
2025-08-09 16:34:55.923 [main] INFO  liquibase.util - UPDATE SUMMARY
2025-08-09 16:34:55.924 [main] INFO  liquibase.util - Run:                         28
2025-08-09 16:34:55.924 [main] INFO  liquibase.util - Previously run:               0
2025-08-09 16:34:55.924 [main] INFO  liquibase.util - Filtered out:                 0
2025-08-09 16:34:55.924 [main] INFO  liquibase.util - -------------------------------
2025-08-09 16:34:55.925 [main] INFO  liquibase.util - Total change sets:           28
2025-08-09 16:34:55.927 [main] INFO  liquibase.util - Update summary generated
2025-08-09 16:34:55.932 [main] INFO  liquibase.command - Update command completed successfully.
2025-08-09 16:34:55.933 [main] INFO  liquibase.ui - Liquibase: Update has been successful. Rows affected: 255
2025-08-09 16:34:55.935 [main] INFO  liquibase.lockservice - Successfully released change log lock
2025-08-09 16:34:55.937 [main] INFO  liquibase.command - Command execution complete
2025-08-09 16:34:56.197 [main] INFO  org.hibernate.jpa.internal.util.LogHelper - HHH000204: Processing PersistenceUnitInfo [name: default]
2025-08-09 16:34:56.385 [main] INFO  org.hibernate.Version - HHH000412: Hibernate ORM core version 6.6.8.Final
2025-08-09 16:34:56.482 [main] INFO  org.hibernate.cache.internal.RegionFactoryInitiator - HHH000026: Second-level cache disabled
2025-08-09 16:34:56.960 [main] WARN  org.hibernate.dialect.Dialect - HHH000511: The 2.3.232 version for [org.hibernate.dialect.MySQLDialect] is no longer supported, hence certain features may not work properly. The minimum supported version is 8.0.0. Check the community dialects project for available legacy versions.
2025-08-09 16:34:56.967 [main] WARN  org.hibernate.orm.deprecation - HHH90000025: MySQLDialect does not need to be specified explicitly using 'hibernate.dialect' (remove the property setting and it will be selected by default)
2025-08-09 16:34:56.997 [main] INFO  org.hibernate.orm.connections.pooling - HHH10001005: Database info:
	Database JDBC URL [Connecting through datasource 'HikariDataSource (HikariPool-1)']
	Database driver: undefined/unknown
	Database version: 2.3.232
	Autocommit mode: undefined/unknown
	Isolation level: undefined/unknown
	Minimum pool size: undefined/unknown
	Maximum pool size: undefined/unknown
2025-08-09 16:34:58.673 [main] INFO  org.hibernate.engine.transaction.jta.platform.internal.JtaPlatformInitiator - HHH000489: No JTA platform available (set 'hibernate.transaction.jta.platform' to enable JTA platform integration)
Hibernate: 
    alter table admins 
       drop 
       foreign key FK600ih02qklqf2htcba7s8kh2x
2025-08-09 16:34:58.695 [main] WARN  org.hibernate.tool.schema.internal.ExceptionHandlerLoggedImpl - GenerationTarget encountered exception accepting command : Error executing DDL "
    alter table admins 
       drop 
       foreign key FK600ih02qklqf2htcba7s8kh2x" via JDBC [Constraint "FK600IH02QKLQF2HTCBA7S8KH2X" not found;]
org.hibernate.tool.schema.spi.CommandAcceptanceException: Error executing DDL "
    alter table admins 
       drop 
       foreign key FK600ih02qklqf2htcba7s8kh2x" via JDBC [Constraint "FK600IH02QKLQF2HTCBA7S8KH2X" not found;]
	at org.hibernate.tool.schema.internal.exec.GenerationTargetToDatabase.accept(GenerationTargetToDatabase.java:94) ~[hibernate-core-6.6.8.Final.jar:6.6.8.Final]
	at org.hibernate.tool.schema.internal.Helper.applySqlString(Helper.java:233) ~[hibernate-core-6.6.8.Final.jar:6.6.8.Final]
	at org.hibernate.tool.schema.internal.Helper.applySqlStrings(Helper.java:217) ~[hibernate-core-6.6.8.Final.jar:6.6.8.Final]
	at org.hibernate.tool.schema.internal.SchemaDropperImpl.applyConstraintDropping(SchemaDropperImpl.java:479) ~[hibernate-core-6.6.8.Final.jar:6.6.8.Final]
	at org.hibernate.tool.schema.internal.SchemaDropperImpl.dropConstraintsTablesSequences(SchemaDropperImpl.java:245) ~[hibernate-core-6.6.8.Final.jar:6.6.8.Final]
	at org.hibernate.tool.schema.internal.SchemaDropperImpl.dropFromMetadata(SchemaDropperImpl.java:218) ~[hibernate-core-6.6.8.Final.jar:6.6.8.Final]
	at org.hibernate.tool.schema.internal.SchemaDropperImpl.performDrop(SchemaDropperImpl.java:186) ~[hibernate-core-6.6.8.Final.jar:6.6.8.Final]
	at org.hibernate.tool.schema.internal.SchemaDropperImpl.doDrop(SchemaDropperImpl.java:156) ~[hibernate-core-6.6.8.Final.jar:6.6.8.Final]
	at org.hibernate.tool.schema.internal.SchemaDropperImpl.doDrop(SchemaDropperImpl.java:116) ~[hibernate-core-6.6.8.Final.jar:6.6.8.Final]
	at org.hibernate.tool.schema.spi.SchemaManagementToolCoordinator.performDatabaseAction(SchemaManagementToolCoordinator.java:238) ~[hibernate-core-6.6.8.Final.jar:6.6.8.Final]
	at org.hibernate.tool.schema.spi.SchemaManagementToolCoordinator.lambda$process$5(SchemaManagementToolCoordinator.java:144) ~[hibernate-core-6.6.8.Final.jar:6.6.8.Final]
	at java.base/java.util.HashMap.forEach(HashMap.java:1429) ~[?:?]
	at org.hibernate.tool.schema.spi.SchemaManagementToolCoordinator.process(SchemaManagementToolCoordinator.java:141) ~[hibernate-core-6.6.8.Final.jar:6.6.8.Final]
	at org.hibernate.boot.internal.SessionFactoryObserverForSchemaExport.sessionFactoryCreated(SessionFactoryObserverForSchemaExport.java:37) ~[hibernate-core-6.6.8.Final.jar:6.6.8.Final]
	at org.hibernate.internal.SessionFactoryObserverChain.sessionFactoryCreated(SessionFactoryObserverChain.java:35) ~[hibernate-core-6.6.8.Final.jar:6.6.8.Final]
	at org.hibernate.internal.SessionFactoryImpl.<init>(SessionFactoryImpl.java:324) ~[hibernate-core-6.6.8.Final.jar:6.6.8.Final]
	at org.hibernate.boot.internal.SessionFactoryBuilderImpl.build(SessionFactoryBuilderImpl.java:463) ~[hibernate-core-6.6.8.Final.jar:6.6.8.Final]
	at org.hibernate.jpa.boot.internal.EntityManagerFactoryBuilderImpl.build(EntityManagerFactoryBuilderImpl.java:1517) ~[hibernate-core-6.6.8.Final.jar:6.6.8.Final]
	at org.springframework.orm.jpa.vendor.SpringHibernateJpaPersistenceProvider.createContainerEntityManagerFactory(SpringHibernateJpaPersistenceProvider.java:66) ~[spring-orm-6.2.3.jar:6.2.3]
	at org.springframework.orm.jpa.LocalContainerEntityManagerFactoryBean.createNativeEntityManagerFactory(LocalContainerEntityManagerFactoryBean.java:390) ~[spring-orm-6.2.3.jar:6.2.3]
	at org.springframework.orm.jpa.AbstractEntityManagerFactoryBean.buildNativeEntityManagerFactory(AbstractEntityManagerFactoryBean.java:419) ~[spring-orm-6.2.3.jar:6.2.3]
	at org.springframework.orm.jpa.AbstractEntityManagerFactoryBean.afterPropertiesSet(AbstractEntityManagerFactoryBean.java:400) ~[spring-orm-6.2.3.jar:6.2.3]
	at org.springframework.orm.jpa.LocalContainerEntityManagerFactoryBean.afterPropertiesSet(LocalContainerEntityManagerFactoryBean.java:366) ~[spring-orm-6.2.3.jar:6.2.3]
	at org.springframework.beans.factory.support.AbstractAutowireCapableBeanFactory.invokeInitMethods(AbstractAutowireCapableBeanFactory.java:1859) ~[spring-beans-6.2.3.jar:6.2.3]
	at org.springframework.beans.factory.support.AbstractAutowireCapableBeanFactory.initializeBean(AbstractAutowireCapableBeanFactory.java:1808) ~[spring-beans-6.2.3.jar:6.2.3]
	at org.springframework.beans.factory.support.AbstractAutowireCapableBeanFactory.doCreateBean(AbstractAutowireCapableBeanFactory.java:601) ~[spring-beans-6.2.3.jar:6.2.3]
	at org.springframework.beans.factory.support.AbstractAutowireCapableBeanFactory.createBean(AbstractAutowireCapableBeanFactory.java:523) ~[spring-beans-6.2.3.jar:6.2.3]
	at org.springframework.beans.factory.support.AbstractBeanFactory.lambda$doGetBean$0(AbstractBeanFactory.java:339) ~[spring-beans-6.2.3.jar:6.2.3]
	at org.springframework.beans.factory.support.DefaultSingletonBeanRegistry.getSingleton(DefaultSingletonBeanRegistry.java:346) ~[spring-beans-6.2.3.jar:6.2.3]
	at org.springframework.beans.factory.support.AbstractBeanFactory.doGetBean(AbstractBeanFactory.java:337) ~[spring-beans-6.2.3.jar:6.2.3]
	at org.springframework.beans.factory.support.AbstractBeanFactory.getBean(AbstractBeanFactory.java:207) ~[spring-beans-6.2.3.jar:6.2.3]
	at org.springframework.context.support.AbstractApplicationContext.finishBeanFactoryInitialization(AbstractApplicationContext.java:970) ~[spring-context-6.2.3.jar:6.2.3]
	at org.springframework.context.support.AbstractApplicationContext.refresh(AbstractApplicationContext.java:627) ~[spring-context-6.2.3.jar:6.2.3]
	at org.springframework.boot.SpringApplication.refresh(SpringApplication.java:752) ~[spring-boot-3.4.3.jar:3.4.3]
	at org.springframework.boot.SpringApplication.refreshContext(SpringApplication.java:439) ~[spring-boot-3.4.3.jar:3.4.3]
	at org.springframework.boot.SpringApplication.run(SpringApplication.java:318) ~[spring-boot-3.4.3.jar:3.4.3]
	at org.springframework.boot.test.context.SpringBootContextLoader.lambda$loadContext$3(SpringBootContextLoader.java:137) ~[spring-boot-test-3.4.3.jar:3.4.3]
	at org.springframework.util.function.ThrowingSupplier.get(ThrowingSupplier.java:58) ~[spring-core-6.2.3.jar:6.2.3]
	at org.springframework.util.function.ThrowingSupplier.get(ThrowingSupplier.java:46) ~[spring-core-6.2.3.jar:6.2.3]
	at org.springframework.boot.SpringApplication.withHook(SpringApplication.java:1461) ~[spring-boot-3.4.3.jar:3.4.3]
	at org.springframework.boot.test.context.SpringBootContextLoader$ContextLoaderHook.run(SpringBootContextLoader.java:553) ~[spring-boot-test-3.4.3.jar:3.4.3]
	at org.springframework.boot.test.context.SpringBootContextLoader.loadContext(SpringBootContextLoader.java:137) ~[spring-boot-test-3.4.3.jar:3.4.3]
	at org.springframework.boot.test.context.SpringBootContextLoader.loadContext(SpringBootContextLoader.java:108) ~[spring-boot-test-3.4.3.jar:3.4.3]
	at org.springframework.test.context.cache.DefaultCacheAwareContextLoaderDelegate.loadContextInternal(DefaultCacheAwareContextLoaderDelegate.java:225) ~[spring-test-6.2.3.jar:6.2.3]
	at org.springframework.test.context.cache.DefaultCacheAwareContextLoaderDelegate.loadContext(DefaultCacheAwareContextLoaderDelegate.java:152) ~[spring-test-6.2.3.jar:6.2.3]
	at org.springframework.test.context.support.DefaultTestContext.getApplicationContext(DefaultTestContext.java:130) ~[spring-test-6.2.3.jar:6.2.3]
	at org.springframework.test.context.web.ServletTestExecutionListener.setUpRequestContextIfNecessary(ServletTestExecutionListener.java:200) ~[spring-test-6.2.3.jar:6.2.3]
	at org.springframework.test.context.web.ServletTestExecutionListener.prepareTestInstance(ServletTestExecutionListener.java:139) ~[spring-test-6.2.3.jar:6.2.3]
	at org.springframework.test.context.TestContextManager.prepareTestInstance(TestContextManager.java:260) ~[spring-test-6.2.3.jar:6.2.3]
	at org.springframework.test.context.junit.jupiter.SpringExtension.postProcessTestInstance(SpringExtension.java:160) ~[spring-test-6.2.3.jar:6.2.3]
	at org.junit.jupiter.engine.descriptor.ClassBasedTestDescriptor.lambda$invokeTestInstancePostProcessors$11(ClassBasedTestDescriptor.java:378) ~[junit-jupiter-engine-5.11.4.jar:5.11.4]
	at org.junit.jupiter.engine.descriptor.ClassBasedTestDescriptor.executeAndMaskThrowable(ClassBasedTestDescriptor.java:383) ~[junit-jupiter-engine-5.11.4.jar:5.11.4]
	at org.junit.jupiter.engine.descriptor.ClassBasedTestDescriptor.lambda$invokeTestInstancePostProcessors$12(ClassBasedTestDescriptor.java:378) ~[junit-jupiter-engine-5.11.4.jar:5.11.4]
	at java.base/java.util.stream.ForEachOps$ForEachOp$OfRef.accept(ForEachOps.java:184) ~[?:?]
	at java.base/java.util.stream.ReferencePipeline$3$1.accept(ReferencePipeline.java:197) ~[?:?]
	at java.base/java.util.stream.ReferencePipeline$2$1.accept(ReferencePipeline.java:179) ~[?:?]
	at java.base/java.util.stream.ReferencePipeline$3$1.accept(ReferencePipeline.java:197) ~[?:?]
	at java.base/java.util.ArrayList$ArrayListSpliterator.forEachRemaining(ArrayList.java:1708) ~[?:?]
	at java.base/java.util.stream.AbstractPipeline.copyInto(AbstractPipeline.java:509) ~[?:?]
	at java.base/java.util.stream.AbstractPipeline.wrapAndCopyInto(AbstractPipeline.java:499) ~[?:?]
	at java.base/java.util.stream.ForEachOps$ForEachOp.evaluateSequential(ForEachOps.java:151) ~[?:?]
	at java.base/java.util.stream.ForEachOps$ForEachOp$OfRef.evaluateSequential(ForEachOps.java:174) ~[?:?]
	at java.base/java.util.stream.AbstractPipeline.evaluate(AbstractPipeline.java:234) ~[?:?]
	at java.base/java.util.stream.ReferencePipeline.forEach(ReferencePipeline.java:596) ~[?:?]
	at org.junit.jupiter.engine.descriptor.ClassBasedTestDescriptor.invokeTestInstancePostProcessors(ClassBasedTestDescriptor.java:377) ~[junit-jupiter-engine-5.11.4.jar:5.11.4]
	at org.junit.jupiter.engine.descriptor.ClassBasedTestDescriptor.lambda$instantiateAndPostProcessTestInstance$7(ClassBasedTestDescriptor.java:290) ~[junit-jupiter-engine-5.11.4.jar:5.11.4]
	at org.junit.platform.engine.support.hierarchical.ThrowableCollector.execute(ThrowableCollector.java:73) ~[junit-platform-engine-1.11.4.jar:1.11.4]
	at org.junit.jupiter.engine.descriptor.ClassBasedTestDescriptor.instantiateAndPostProcessTestInstance(ClassBasedTestDescriptor.java:289) ~[junit-jupiter-engine-5.11.4.jar:5.11.4]
	at org.junit.jupiter.engine.descriptor.ClassBasedTestDescriptor.lambda$testInstancesProvider$5(ClassBasedTestDescriptor.java:279) ~[junit-jupiter-engine-5.11.4.jar:5.11.4]
	at java.base/java.util.Optional.orElseGet(Optional.java:364) ~[?:?]
	at org.junit.jupiter.engine.descriptor.ClassBasedTestDescriptor.lambda$testInstancesProvider$6(ClassBasedTestDescriptor.java:278) ~[junit-jupiter-engine-5.11.4.jar:5.11.4]
	at org.junit.jupiter.engine.execution.TestInstancesProvider.getTestInstances(TestInstancesProvider.java:31) ~[junit-jupiter-engine-5.11.4.jar:5.11.4]
	at org.junit.jupiter.engine.descriptor.TestMethodTestDescriptor.lambda$prepare$1(TestMethodTestDescriptor.java:105) ~[junit-jupiter-engine-5.11.4.jar:5.11.4]
	at org.junit.platform.engine.support.hierarchical.ThrowableCollector.execute(ThrowableCollector.java:73) ~[junit-platform-engine-1.11.4.jar:1.11.4]
	at org.junit.jupiter.engine.descriptor.TestMethodTestDescriptor.prepare(TestMethodTestDescriptor.java:104) ~[junit-jupiter-engine-5.11.4.jar:5.11.4]
	at org.junit.jupiter.engine.descriptor.TestMethodTestDescriptor.prepare(TestMethodTestDescriptor.java:68) ~[junit-jupiter-engine-5.11.4.jar:5.11.4]
	at org.junit.platform.engine.support.hierarchical.NodeTestTask.lambda$prepare$2(NodeTestTask.java:128) ~[junit-platform-engine-1.11.4.jar:1.11.4]
	at org.junit.platform.engine.support.hierarchical.ThrowableCollector.execute(ThrowableCollector.java:73) ~[junit-platform-engine-1.11.4.jar:1.11.4]
	at org.junit.platform.engine.support.hierarchical.NodeTestTask.prepare(NodeTestTask.java:128) ~[junit-platform-engine-1.11.4.jar:1.11.4]
	at org.junit.platform.engine.support.hierarchical.NodeTestTask.execute(NodeTestTask.java:95) ~[junit-platform-engine-1.11.4.jar:1.11.4]
	at java.base/java.util.ArrayList.forEach(ArrayList.java:1596) ~[?:?]
	at org.junit.platform.engine.support.hierarchical.SameThreadHierarchicalTestExecutorService.invokeAll(SameThreadHierarchicalTestExecutorService.java:41) ~[junit-platform-engine-1.11.4.jar:1.11.4]
	at org.junit.platform.engine.support.hierarchical.NodeTestTask.lambda$executeRecursively$6(NodeTestTask.java:160) ~[junit-platform-engine-1.11.4.jar:1.11.4]
	at org.junit.platform.engine.support.hierarchical.ThrowableCollector.execute(ThrowableCollector.java:73) ~[junit-platform-engine-1.11.4.jar:1.11.4]
	at org.junit.platform.engine.support.hierarchical.NodeTestTask.lambda$executeRecursively$8(NodeTestTask.java:146) ~[junit-platform-engine-1.11.4.jar:1.11.4]
	at org.junit.platform.engine.support.hierarchical.Node.around(Node.java:137) ~[junit-platform-engine-1.11.4.jar:1.11.4]
	at org.junit.platform.engine.support.hierarchical.NodeTestTask.lambda$executeRecursively$9(NodeTestTask.java:144) ~[junit-platform-engine-1.11.4.jar:1.11.4]
	at org.junit.platform.engine.support.hierarchical.ThrowableCollector.execute(ThrowableCollector.java:73) ~[junit-platform-engine-1.11.4.jar:1.11.4]
	at org.junit.platform.engine.support.hierarchical.NodeTestTask.executeRecursively(NodeTestTask.java:143) ~[junit-platform-engine-1.11.4.jar:1.11.4]
	at org.junit.platform.engine.support.hierarchical.NodeTestTask.execute(NodeTestTask.java:100) ~[junit-platform-engine-1.11.4.jar:1.11.4]
	at java.base/java.util.ArrayList.forEach(ArrayList.java:1596) ~[?:?]
	at org.junit.platform.engine.support.hierarchical.SameThreadHierarchicalTestExecutorService.invokeAll(SameThreadHierarchicalTestExecutorService.java:41) ~[junit-platform-engine-1.11.4.jar:1.11.4]
	at org.junit.platform.engine.support.hierarchical.NodeTestTask.lambda$executeRecursively$6(NodeTestTask.java:160) ~[junit-platform-engine-1.11.4.jar:1.11.4]
	at org.junit.platform.engine.support.hierarchical.ThrowableCollector.execute(ThrowableCollector.java:73) ~[junit-platform-engine-1.11.4.jar:1.11.4]
	at org.junit.platform.engine.support.hierarchical.NodeTestTask.lambda$executeRecursively$8(NodeTestTask.java:146) ~[junit-platform-engine-1.11.4.jar:1.11.4]
	at org.junit.platform.engine.support.hierarchical.Node.around(Node.java:137) ~[junit-platform-engine-1.11.4.jar:1.11.4]
	at org.junit.platform.engine.support.hierarchical.NodeTestTask.lambda$executeRecursively$9(NodeTestTask.java:144) ~[junit-platform-engine-1.11.4.jar:1.11.4]
	at org.junit.platform.engine.support.hierarchical.ThrowableCollector.execute(ThrowableCollector.java:73) ~[junit-platform-engine-1.11.4.jar:1.11.4]
	at org.junit.platform.engine.support.hierarchical.NodeTestTask.executeRecursively(NodeTestTask.java:143) ~[junit-platform-engine-1.11.4.jar:1.11.4]
	at org.junit.platform.engine.support.hierarchical.NodeTestTask.execute(NodeTestTask.java:100) ~[junit-platform-engine-1.11.4.jar:1.11.4]
	at org.junit.platform.engine.support.hierarchical.SameThreadHierarchicalTestExecutorService.submit(SameThreadHierarchicalTestExecutorService.java:35) ~[junit-platform-engine-1.11.4.jar:1.11.4]
	at org.junit.platform.engine.support.hierarchical.HierarchicalTestExecutor.execute(HierarchicalTestExecutor.java:57) ~[junit-platform-engine-1.11.4.jar:1.11.4]
	at org.junit.platform.engine.support.hierarchical.HierarchicalTestEngine.execute(HierarchicalTestEngine.java:54) ~[junit-platform-engine-1.11.4.jar:1.11.4]
	at org.junit.platform.launcher.core.EngineExecutionOrchestrator.execute(EngineExecutionOrchestrator.java:198) ~[junit-platform-launcher-1.11.4.jar:1.11.4]
	at org.junit.platform.launcher.core.EngineExecutionOrchestrator.execute(EngineExecutionOrchestrator.java:169) ~[junit-platform-launcher-1.11.4.jar:1.11.4]
	at org.junit.platform.launcher.core.EngineExecutionOrchestrator.execute(EngineExecutionOrchestrator.java:93) ~[junit-platform-launcher-1.11.4.jar:1.11.4]
	at org.junit.platform.launcher.core.EngineExecutionOrchestrator.lambda$execute$0(EngineExecutionOrchestrator.java:58) ~[junit-platform-launcher-1.11.4.jar:1.11.4]
	at org.junit.platform.launcher.core.EngineExecutionOrchestrator.withInterceptedStreams(EngineExecutionOrchestrator.java:141) [junit-platform-launcher-1.11.4.jar:1.11.4]
	at org.junit.platform.launcher.core.EngineExecutionOrchestrator.execute(EngineExecutionOrchestrator.java:57) [junit-platform-launcher-1.11.4.jar:1.11.4]
	at org.junit.platform.launcher.core.DefaultLauncher.execute(DefaultLauncher.java:103) [junit-platform-launcher-1.11.4.jar:1.11.4]
	at org.junit.platform.launcher.core.DefaultLauncher.execute(DefaultLauncher.java:85) [junit-platform-launcher-1.11.4.jar:1.11.4]
	at org.junit.platform.launcher.core.DelegatingLauncher.execute(DelegatingLauncher.java:47) [junit-platform-launcher-1.11.4.jar:1.11.4]
	at org.apache.maven.surefire.junitplatform.LazyLauncher.execute(LazyLauncher.java:56) [surefire-junit-platform-3.5.2.jar:3.5.2]
	at org.apache.maven.surefire.junitplatform.JUnitPlatformProvider.execute(JUnitPlatformProvider.java:184) [surefire-junit-platform-3.5.2.jar:3.5.2]
	at org.apache.maven.surefire.junitplatform.JUnitPlatformProvider.invokeAllTests(JUnitPlatformProvider.java:148) [surefire-junit-platform-3.5.2.jar:3.5.2]
	at org.apache.maven.surefire.junitplatform.JUnitPlatformProvider.invoke(JUnitPlatformProvider.java:122) [surefire-junit-platform-3.5.2.jar:3.5.2]
	at org.apache.maven.surefire.booter.ForkedBooter.runSuitesInProcess(ForkedBooter.java:385) [surefire-booter-3.5.2.jar:3.5.2]
	at org.apache.maven.surefire.booter.ForkedBooter.execute(ForkedBooter.java:162) [surefire-booter-3.5.2.jar:3.5.2]
	at org.apache.maven.surefire.booter.ForkedBooter.run(ForkedBooter.java:507) [surefire-booter-3.5.2.jar:3.5.2]
	at org.apache.maven.surefire.booter.ForkedBooter.main(ForkedBooter.java:495) [surefire-booter-3.5.2.jar:3.5.2]
Caused by: org.h2.jdbc.JdbcSQLSyntaxErrorException: Constraint "FK600IH02QKLQF2HTCBA7S8KH2X" not found; SQL statement:

    alter table admins 
       drop 
       foreign key FK600ih02qklqf2htcba7 [90057-232]
	at org.h2.message.DbException.getJdbcSQLException(DbException.java:644) ~[h2-2.3.232.jar:2.3.232]
	at org.h2.message.DbException.getJdbcSQLException(DbException.java:489) ~[h2-2.3.232.jar:2.3.232]
	at org.h2.message.DbException.get(DbException.java:223) ~[h2-2.3.232.jar:2.3.232]
	at org.h2.message.DbException.get(DbException.java:199) ~[h2-2.3.232.jar:2.3.232]
	at org.h2.command.ddl.AlterTableDropConstraint.update(AlterTableDropConstraint.java:51) ~[h2-2.3.232.jar:2.3.232]
	at org.h2.command.ddl.AlterTable.update(AlterTable.java:46) ~[h2-2.3.232.jar:2.3.232]
	at org.h2.command.CommandContainer.update(CommandContainer.java:139) ~[h2-2.3.232.jar:2.3.232]
	at org.h2.command.Command.executeUpdate(Command.java:304) ~[h2-2.3.232.jar:2.3.232]
	at org.h2.command.Command.executeUpdate(Command.java:248) ~[h2-2.3.232.jar:2.3.232]
	at org.h2.jdbc.JdbcStatement.executeInternal(JdbcStatement.java:262) ~[h2-2.3.232.jar:2.3.232]
	at org.h2.jdbc.JdbcStatement.execute(JdbcStatement.java:231) ~[h2-2.3.232.jar:2.3.232]
	at com.zaxxer.hikari.pool.ProxyStatement.execute(ProxyStatement.java:94) ~[HikariCP-5.1.0.jar:?]
	at com.zaxxer.hikari.pool.HikariProxyStatement.execute(HikariProxyStatement.java) ~[HikariCP-5.1.0.jar:?]
	at org.hibernate.tool.schema.internal.exec.GenerationTargetToDatabase.accept(GenerationTargetToDatabase.java:80) ~[hibernate-core-6.6.8.Final.jar:6.6.8.Final]
	... 119 more
Hibernate: 
    alter table athlete_phone_numbers 
       drop 
       foreign key FKsq6lhkmkpo055uq5v7xvkhawr
2025-08-09 16:34:58.703 [main] WARN  org.hibernate.tool.schema.internal.ExceptionHandlerLoggedImpl - GenerationTarget encountered exception accepting command : Error executing DDL "
    alter table athlete_phone_numbers 
       drop 
       foreign key FKsq6lhkmkpo055uq5v7xvkhawr" via JDBC [Constraint "FKSQ6LHKMKPO055UQ5V7XVKHAWR" not found;]
org.hibernate.tool.schema.spi.CommandAcceptanceException: Error executing DDL "
    alter table athlete_phone_numbers 
       drop 
       foreign key FKsq6lhkmkpo055uq5v7xvkhawr" via JDBC [Constraint "FKSQ6LHKMKPO055UQ5V7XVKHAWR" not found;]
	at org.hibernate.tool.schema.internal.exec.GenerationTargetToDatabase.accept(GenerationTargetToDatabase.java:94) ~[hibernate-core-6.6.8.Final.jar:6.6.8.Final]
	at org.hibernate.tool.schema.internal.Helper.applySqlString(Helper.java:233) ~[hibernate-core-6.6.8.Final.jar:6.6.8.Final]
	at org.hibernate.tool.schema.internal.Helper.applySqlStrings(Helper.java:217) ~[hibernate-core-6.6.8.Final.jar:6.6.8.Final]
	at org.hibernate.tool.schema.internal.SchemaDropperImpl.applyConstraintDropping(SchemaDropperImpl.java:479) ~[hibernate-core-6.6.8.Final.jar:6.6.8.Final]
	at org.hibernate.tool.schema.internal.SchemaDropperImpl.dropConstraintsTablesSequences(SchemaDropperImpl.java:245) ~[hibernate-core-6.6.8.Final.jar:6.6.8.Final]
	at org.hibernate.tool.schema.internal.SchemaDropperImpl.dropFromMetadata(SchemaDropperImpl.java:218) ~[hibernate-core-6.6.8.Final.jar:6.6.8.Final]
	at org.hibernate.tool.schema.internal.SchemaDropperImpl.performDrop(SchemaDropperImpl.java:186) ~[hibernate-core-6.6.8.Final.jar:6.6.8.Final]
	at org.hibernate.tool.schema.internal.SchemaDropperImpl.doDrop(SchemaDropperImpl.java:156) ~[hibernate-core-6.6.8.Final.jar:6.6.8.Final]
	at org.hibernate.tool.schema.internal.SchemaDropperImpl.doDrop(SchemaDropperImpl.java:116) ~[hibernate-core-6.6.8.Final.jar:6.6.8.Final]
	at org.hibernate.tool.schema.spi.SchemaManagementToolCoordinator.performDatabaseAction(SchemaManagementToolCoordinator.java:238) ~[hibernate-core-6.6.8.Final.jar:6.6.8.Final]
	at org.hibernate.tool.schema.spi.SchemaManagementToolCoordinator.lambda$process$5(SchemaManagementToolCoordinator.java:144) ~[hibernate-core-6.6.8.Final.jar:6.6.8.Final]
	at java.base/java.util.HashMap.forEach(HashMap.java:1429) ~[?:?]
	at org.hibernate.tool.schema.spi.SchemaManagementToolCoordinator.process(SchemaManagementToolCoordinator.java:141) ~[hibernate-core-6.6.8.Final.jar:6.6.8.Final]
	at org.hibernate.boot.internal.SessionFactoryObserverForSchemaExport.sessionFactoryCreated(SessionFactoryObserverForSchemaExport.java:37) ~[hibernate-core-6.6.8.Final.jar:6.6.8.Final]
	at org.hibernate.internal.SessionFactoryObserverChain.sessionFactoryCreated(SessionFactoryObserverChain.java:35) ~[hibernate-core-6.6.8.Final.jar:6.6.8.Final]
	at org.hibernate.internal.SessionFactoryImpl.<init>(SessionFactoryImpl.java:324) ~[hibernate-core-6.6.8.Final.jar:6.6.8.Final]
	at org.hibernate.boot.internal.SessionFactoryBuilderImpl.build(SessionFactoryBuilderImpl.java:463) ~[hibernate-core-6.6.8.Final.jar:6.6.8.Final]
	at org.hibernate.jpa.boot.internal.EntityManagerFactoryBuilderImpl.build(EntityManagerFactoryBuilderImpl.java:1517) ~[hibernate-core-6.6.8.Final.jar:6.6.8.Final]
	at org.springframework.orm.jpa.vendor.SpringHibernateJpaPersistenceProvider.createContainerEntityManagerFactory(SpringHibernateJpaPersistenceProvider.java:66) ~[spring-orm-6.2.3.jar:6.2.3]
	at org.springframework.orm.jpa.LocalContainerEntityManagerFactoryBean.createNativeEntityManagerFactory(LocalContainerEntityManagerFactoryBean.java:390) ~[spring-orm-6.2.3.jar:6.2.3]
	at org.springframework.orm.jpa.AbstractEntityManagerFactoryBean.buildNativeEntityManagerFactory(AbstractEntityManagerFactoryBean.java:419) ~[spring-orm-6.2.3.jar:6.2.3]
	at org.springframework.orm.jpa.AbstractEntityManagerFactoryBean.afterPropertiesSet(AbstractEntityManagerFactoryBean.java:400) ~[spring-orm-6.2.3.jar:6.2.3]
	at org.springframework.orm.jpa.LocalContainerEntityManagerFactoryBean.afterPropertiesSet(LocalContainerEntityManagerFactoryBean.java:366) ~[spring-orm-6.2.3.jar:6.2.3]
	at org.springframework.beans.factory.support.AbstractAutowireCapableBeanFactory.invokeInitMethods(AbstractAutowireCapableBeanFactory.java:1859) ~[spring-beans-6.2.3.jar:6.2.3]
	at org.springframework.beans.factory.support.AbstractAutowireCapableBeanFactory.initializeBean(AbstractAutowireCapableBeanFactory.java:1808) ~[spring-beans-6.2.3.jar:6.2.3]
	at org.springframework.beans.factory.support.AbstractAutowireCapableBeanFactory.doCreateBean(AbstractAutowireCapableBeanFactory.java:601) ~[spring-beans-6.2.3.jar:6.2.3]
	at org.springframework.beans.factory.support.AbstractAutowireCapableBeanFactory.createBean(AbstractAutowireCapableBeanFactory.java:523) ~[spring-beans-6.2.3.jar:6.2.3]
	at org.springframework.beans.factory.support.AbstractBeanFactory.lambda$doGetBean$0(AbstractBeanFactory.java:339) ~[spring-beans-6.2.3.jar:6.2.3]
	at org.springframework.beans.factory.support.DefaultSingletonBeanRegistry.getSingleton(DefaultSingletonBeanRegistry.java:346) ~[spring-beans-6.2.3.jar:6.2.3]
	at org.springframework.beans.factory.support.AbstractBeanFactory.doGetBean(AbstractBeanFactory.java:337) ~[spring-beans-6.2.3.jar:6.2.3]
	at org.springframework.beans.factory.support.AbstractBeanFactory.getBean(AbstractBeanFactory.java:207) ~[spring-beans-6.2.3.jar:6.2.3]
	at org.springframework.context.support.AbstractApplicationContext.finishBeanFactoryInitialization(AbstractApplicationContext.java:970) ~[spring-context-6.2.3.jar:6.2.3]
	at org.springframework.context.support.AbstractApplicationContext.refresh(AbstractApplicationContext.java:627) ~[spring-context-6.2.3.jar:6.2.3]
	at org.springframework.boot.SpringApplication.refresh(SpringApplication.java:752) ~[spring-boot-3.4.3.jar:3.4.3]
	at org.springframework.boot.SpringApplication.refreshContext(SpringApplication.java:439) ~[spring-boot-3.4.3.jar:3.4.3]
	at org.springframework.boot.SpringApplication.run(SpringApplication.java:318) ~[spring-boot-3.4.3.jar:3.4.3]
	at org.springframework.boot.test.context.SpringBootContextLoader.lambda$loadContext$3(SpringBootContextLoader.java:137) ~[spring-boot-test-3.4.3.jar:3.4.3]
	at org.springframework.util.function.ThrowingSupplier.get(ThrowingSupplier.java:58) ~[spring-core-6.2.3.jar:6.2.3]
	at org.springframework.util.function.ThrowingSupplier.get(ThrowingSupplier.java:46) ~[spring-core-6.2.3.jar:6.2.3]
	at org.springframework.boot.SpringApplication.withHook(SpringApplication.java:1461) ~[spring-boot-3.4.3.jar:3.4.3]
	at org.springframework.boot.test.context.SpringBootContextLoader$ContextLoaderHook.run(SpringBootContextLoader.java:553) ~[spring-boot-test-3.4.3.jar:3.4.3]
	at org.springframework.boot.test.context.SpringBootContextLoader.loadContext(SpringBootContextLoader.java:137) ~[spring-boot-test-3.4.3.jar:3.4.3]
	at org.springframework.boot.test.context.SpringBootContextLoader.loadContext(SpringBootContextLoader.java:108) ~[spring-boot-test-3.4.3.jar:3.4.3]
	at org.springframework.test.context.cache.DefaultCacheAwareContextLoaderDelegate.loadContextInternal(DefaultCacheAwareContextLoaderDelegate.java:225) ~[spring-test-6.2.3.jar:6.2.3]
	at org.springframework.test.context.cache.DefaultCacheAwareContextLoaderDelegate.loadContext(DefaultCacheAwareContextLoaderDelegate.java:152) ~[spring-test-6.2.3.jar:6.2.3]
	at org.springframework.test.context.support.DefaultTestContext.getApplicationContext(DefaultTestContext.java:130) ~[spring-test-6.2.3.jar:6.2.3]
	at org.springframework.test.context.web.ServletTestExecutionListener.setUpRequestContextIfNecessary(ServletTestExecutionListener.java:200) ~[spring-test-6.2.3.jar:6.2.3]
	at org.springframework.test.context.web.ServletTestExecutionListener.prepareTestInstance(ServletTestExecutionListener.java:139) ~[spring-test-6.2.3.jar:6.2.3]
	at org.springframework.test.context.TestContextManager.prepareTestInstance(TestContextManager.java:260) ~[spring-test-6.2.3.jar:6.2.3]
	at org.springframework.test.context.junit.jupiter.SpringExtension.postProcessTestInstance(SpringExtension.java:160) ~[spring-test-6.2.3.jar:6.2.3]
	at org.junit.jupiter.engine.descriptor.ClassBasedTestDescriptor.lambda$invokeTestInstancePostProcessors$11(ClassBasedTestDescriptor.java:378) ~[junit-jupiter-engine-5.11.4.jar:5.11.4]
	at org.junit.jupiter.engine.descriptor.ClassBasedTestDescriptor.executeAndMaskThrowable(ClassBasedTestDescriptor.java:383) ~[junit-jupiter-engine-5.11.4.jar:5.11.4]
	at org.junit.jupiter.engine.descriptor.ClassBasedTestDescriptor.lambda$invokeTestInstancePostProcessors$12(ClassBasedTestDescriptor.java:378) ~[junit-jupiter-engine-5.11.4.jar:5.11.4]
	at java.base/java.util.stream.ForEachOps$ForEachOp$OfRef.accept(ForEachOps.java:184) ~[?:?]
	at java.base/java.util.stream.ReferencePipeline$3$1.accept(ReferencePipeline.java:197) ~[?:?]
	at java.base/java.util.stream.ReferencePipeline$2$1.accept(ReferencePipeline.java:179) ~[?:?]
	at java.base/java.util.stream.ReferencePipeline$3$1.accept(ReferencePipeline.java:197) ~[?:?]
	at java.base/java.util.ArrayList$ArrayListSpliterator.forEachRemaining(ArrayList.java:1708) ~[?:?]
	at java.base/java.util.stream.AbstractPipeline.copyInto(AbstractPipeline.java:509) ~[?:?]
	at java.base/java.util.stream.AbstractPipeline.wrapAndCopyInto(AbstractPipeline.java:499) ~[?:?]
	at java.base/java.util.stream.ForEachOps$ForEachOp.evaluateSequential(ForEachOps.java:151) ~[?:?]
	at java.base/java.util.stream.ForEachOps$ForEachOp$OfRef.evaluateSequential(ForEachOps.java:174) ~[?:?]
	at java.base/java.util.stream.AbstractPipeline.evaluate(AbstractPipeline.java:234) ~[?:?]
	at java.base/java.util.stream.ReferencePipeline.forEach(ReferencePipeline.java:596) ~[?:?]
	at org.junit.jupiter.engine.descriptor.ClassBasedTestDescriptor.invokeTestInstancePostProcessors(ClassBasedTestDescriptor.java:377) ~[junit-jupiter-engine-5.11.4.jar:5.11.4]
	at org.junit.jupiter.engine.descriptor.ClassBasedTestDescriptor.lambda$instantiateAndPostProcessTestInstance$7(ClassBasedTestDescriptor.java:290) ~[junit-jupiter-engine-5.11.4.jar:5.11.4]
	at org.junit.platform.engine.support.hierarchical.ThrowableCollector.execute(ThrowableCollector.java:73) ~[junit-platform-engine-1.11.4.jar:1.11.4]
	at org.junit.jupiter.engine.descriptor.ClassBasedTestDescriptor.instantiateAndPostProcessTestInstance(ClassBasedTestDescriptor.java:289) ~[junit-jupiter-engine-5.11.4.jar:5.11.4]
	at org.junit.jupiter.engine.descriptor.ClassBasedTestDescriptor.lambda$testInstancesProvider$5(ClassBasedTestDescriptor.java:279) ~[junit-jupiter-engine-5.11.4.jar:5.11.4]
	at java.base/java.util.Optional.orElseGet(Optional.java:364) ~[?:?]
	at org.junit.jupiter.engine.descriptor.ClassBasedTestDescriptor.lambda$testInstancesProvider$6(ClassBasedTestDescriptor.java:278) ~[junit-jupiter-engine-5.11.4.jar:5.11.4]
	at org.junit.jupiter.engine.execution.TestInstancesProvider.getTestInstances(TestInstancesProvider.java:31) ~[junit-jupiter-engine-5.11.4.jar:5.11.4]
	at org.junit.jupiter.engine.descriptor.TestMethodTestDescriptor.lambda$prepare$1(TestMethodTestDescriptor.java:105) ~[junit-jupiter-engine-5.11.4.jar:5.11.4]
	at org.junit.platform.engine.support.hierarchical.ThrowableCollector.execute(ThrowableCollector.java:73) ~[junit-platform-engine-1.11.4.jar:1.11.4]
	at org.junit.jupiter.engine.descriptor.TestMethodTestDescriptor.prepare(TestMethodTestDescriptor.java:104) ~[junit-jupiter-engine-5.11.4.jar:5.11.4]
	at org.junit.jupiter.engine.descriptor.TestMethodTestDescriptor.prepare(TestMethodTestDescriptor.java:68) ~[junit-jupiter-engine-5.11.4.jar:5.11.4]
	at org.junit.platform.engine.support.hierarchical.NodeTestTask.lambda$prepare$2(NodeTestTask.java:128) ~[junit-platform-engine-1.11.4.jar:1.11.4]
	at org.junit.platform.engine.support.hierarchical.ThrowableCollector.execute(ThrowableCollector.java:73) ~[junit-platform-engine-1.11.4.jar:1.11.4]
	at org.junit.platform.engine.support.hierarchical.NodeTestTask.prepare(NodeTestTask.java:128) ~[junit-platform-engine-1.11.4.jar:1.11.4]
	at org.junit.platform.engine.support.hierarchical.NodeTestTask.execute(NodeTestTask.java:95) ~[junit-platform-engine-1.11.4.jar:1.11.4]
	at java.base/java.util.ArrayList.forEach(ArrayList.java:1596) ~[?:?]
	at org.junit.platform.engine.support.hierarchical.SameThreadHierarchicalTestExecutorService.invokeAll(SameThreadHierarchicalTestExecutorService.java:41) ~[junit-platform-engine-1.11.4.jar:1.11.4]
	at org.junit.platform.engine.support.hierarchical.NodeTestTask.lambda$executeRecursively$6(NodeTestTask.java:160) ~[junit-platform-engine-1.11.4.jar:1.11.4]
	at org.junit.platform.engine.support.hierarchical.ThrowableCollector.execute(ThrowableCollector.java:73) ~[junit-platform-engine-1.11.4.jar:1.11.4]
	at org.junit.platform.engine.support.hierarchical.NodeTestTask.lambda$executeRecursively$8(NodeTestTask.java:146) ~[junit-platform-engine-1.11.4.jar:1.11.4]
	at org.junit.platform.engine.support.hierarchical.Node.around(Node.java:137) ~[junit-platform-engine-1.11.4.jar:1.11.4]
	at org.junit.platform.engine.support.hierarchical.NodeTestTask.lambda$executeRecursively$9(NodeTestTask.java:144) ~[junit-platform-engine-1.11.4.jar:1.11.4]
	at org.junit.platform.engine.support.hierarchical.ThrowableCollector.execute(ThrowableCollector.java:73) ~[junit-platform-engine-1.11.4.jar:1.11.4]
	at org.junit.platform.engine.support.hierarchical.NodeTestTask.executeRecursively(NodeTestTask.java:143) ~[junit-platform-engine-1.11.4.jar:1.11.4]
	at org.junit.platform.engine.support.hierarchical.NodeTestTask.execute(NodeTestTask.java:100) ~[junit-platform-engine-1.11.4.jar:1.11.4]
	at java.base/java.util.ArrayList.forEach(ArrayList.java:1596) ~[?:?]
	at org.junit.platform.engine.support.hierarchical.SameThreadHierarchicalTestExecutorService.invokeAll(SameThreadHierarchicalTestExecutorService.java:41) ~[junit-platform-engine-1.11.4.jar:1.11.4]
	at org.junit.platform.engine.support.hierarchical.NodeTestTask.lambda$executeRecursively$6(NodeTestTask.java:160) ~[junit-platform-engine-1.11.4.jar:1.11.4]
	at org.junit.platform.engine.support.hierarchical.ThrowableCollector.execute(ThrowableCollector.java:73) ~[junit-platform-engine-1.11.4.jar:1.11.4]
	at org.junit.platform.engine.support.hierarchical.NodeTestTask.lambda$executeRecursively$8(NodeTestTask.java:146) ~[junit-platform-engine-1.11.4.jar:1.11.4]
	at org.junit.platform.engine.support.hierarchical.Node.around(Node.java:137) ~[junit-platform-engine-1.11.4.jar:1.11.4]
	at org.junit.platform.engine.support.hierarchical.NodeTestTask.lambda$executeRecursively$9(NodeTestTask.java:144) ~[junit-platform-engine-1.11.4.jar:1.11.4]
	at org.junit.platform.engine.support.hierarchical.ThrowableCollector.execute(ThrowableCollector.java:73) ~[junit-platform-engine-1.11.4.jar:1.11.4]
	at org.junit.platform.engine.support.hierarchical.NodeTestTask.executeRecursively(NodeTestTask.java:143) ~[junit-platform-engine-1.11.4.jar:1.11.4]
	at org.junit.platform.engine.support.hierarchical.NodeTestTask.execute(NodeTestTask.java:100) ~[junit-platform-engine-1.11.4.jar:1.11.4]
	at org.junit.platform.engine.support.hierarchical.SameThreadHierarchicalTestExecutorService.submit(SameThreadHierarchicalTestExecutorService.java:35) ~[junit-platform-engine-1.11.4.jar:1.11.4]
	at org.junit.platform.engine.support.hierarchical.HierarchicalTestExecutor.execute(HierarchicalTestExecutor.java:57) ~[junit-platform-engine-1.11.4.jar:1.11.4]
	at org.junit.platform.engine.support.hierarchical.HierarchicalTestEngine.execute(HierarchicalTestEngine.java:54) ~[junit-platform-engine-1.11.4.jar:1.11.4]
	at org.junit.platform.launcher.core.EngineExecutionOrchestrator.execute(EngineExecutionOrchestrator.java:198) ~[junit-platform-launcher-1.11.4.jar:1.11.4]
	at org.junit.platform.launcher.core.EngineExecutionOrchestrator.execute(EngineExecutionOrchestrator.java:169) ~[junit-platform-launcher-1.11.4.jar:1.11.4]
	at org.junit.platform.launcher.core.EngineExecutionOrchestrator.execute(EngineExecutionOrchestrator.java:93) ~[junit-platform-launcher-1.11.4.jar:1.11.4]
	at org.junit.platform.launcher.core.EngineExecutionOrchestrator.lambda$execute$0(EngineExecutionOrchestrator.java:58) ~[junit-platform-launcher-1.11.4.jar:1.11.4]
	at org.junit.platform.launcher.core.EngineExecutionOrchestrator.withInterceptedStreams(EngineExecutionOrchestrator.java:141) [junit-platform-launcher-1.11.4.jar:1.11.4]
	at org.junit.platform.launcher.core.EngineExecutionOrchestrator.execute(EngineExecutionOrchestrator.java:57) [junit-platform-launcher-1.11.4.jar:1.11.4]
	at org.junit.platform.launcher.core.DefaultLauncher.execute(DefaultLauncher.java:103) [junit-platform-launcher-1.11.4.jar:1.11.4]
	at org.junit.platform.launcher.core.DefaultLauncher.execute(DefaultLauncher.java:85) [junit-platform-launcher-1.11.4.jar:1.11.4]
	at org.junit.platform.launcher.core.DelegatingLauncher.execute(DelegatingLauncher.java:47) [junit-platform-launcher-1.11.4.jar:1.11.4]
	at org.apache.maven.surefire.junitplatform.LazyLauncher.execute(LazyLauncher.java:56) [surefire-junit-platform-3.5.2.jar:3.5.2]
	at org.apache.maven.surefire.junitplatform.JUnitPlatformProvider.execute(JUnitPlatformProvider.java:184) [surefire-junit-platform-3.5.2.jar:3.5.2]
	at org.apache.maven.surefire.junitplatform.JUnitPlatformProvider.invokeAllTests(JUnitPlatformProvider.java:148) [surefire-junit-platform-3.5.2.jar:3.5.2]
	at org.apache.maven.surefire.junitplatform.JUnitPlatformProvider.invoke(JUnitPlatformProvider.java:122) [surefire-junit-platform-3.5.2.jar:3.5.2]
	at org.apache.maven.surefire.booter.ForkedBooter.runSuitesInProcess(ForkedBooter.java:385) [surefire-booter-3.5.2.jar:3.5.2]
	at org.apache.maven.surefire.booter.ForkedBooter.execute(ForkedBooter.java:162) [surefire-booter-3.5.2.jar:3.5.2]
	at org.apache.maven.surefire.booter.ForkedBooter.run(ForkedBooter.java:507) [surefire-booter-3.5.2.jar:3.5.2]
	at org.apache.maven.surefire.booter.ForkedBooter.main(ForkedBooter.java:495) [surefire-booter-3.5.2.jar:3.5.2]
Caused by: org.h2.jdbc.JdbcSQLSyntaxErrorException: Constraint "FKSQ6LHKMKPO055UQ5V7XVKHAWR" not found; SQL statement:

    alter table athlete_phone_numbers 
       drop 
       foreign key FKsq6lhkmkpo055uq5v7x [90057-232]
	at org.h2.message.DbException.getJdbcSQLException(DbException.java:644) ~[h2-2.3.232.jar:2.3.232]
	at org.h2.message.DbException.getJdbcSQLException(DbException.java:489) ~[h2-2.3.232.jar:2.3.232]
	at org.h2.message.DbException.get(DbException.java:223) ~[h2-2.3.232.jar:2.3.232]
	at org.h2.message.DbException.get(DbException.java:199) ~[h2-2.3.232.jar:2.3.232]
	at org.h2.command.ddl.AlterTableDropConstraint.update(AlterTableDropConstraint.java:51) ~[h2-2.3.232.jar:2.3.232]
	at org.h2.command.ddl.AlterTable.update(AlterTable.java:46) ~[h2-2.3.232.jar:2.3.232]
	at org.h2.command.CommandContainer.update(CommandContainer.java:139) ~[h2-2.3.232.jar:2.3.232]
	at org.h2.command.Command.executeUpdate(Command.java:304) ~[h2-2.3.232.jar:2.3.232]
	at org.h2.command.Command.executeUpdate(Command.java:248) ~[h2-2.3.232.jar:2.3.232]
	at org.h2.jdbc.JdbcStatement.executeInternal(JdbcStatement.java:262) ~[h2-2.3.232.jar:2.3.232]
	at org.h2.jdbc.JdbcStatement.execute(JdbcStatement.java:231) ~[h2-2.3.232.jar:2.3.232]
	at com.zaxxer.hikari.pool.ProxyStatement.execute(ProxyStatement.java:94) ~[HikariCP-5.1.0.jar:?]
	at com.zaxxer.hikari.pool.HikariProxyStatement.execute(HikariProxyStatement.java) ~[HikariCP-5.1.0.jar:?]
	at org.hibernate.tool.schema.internal.exec.GenerationTargetToDatabase.accept(GenerationTargetToDatabase.java:80) ~[hibernate-core-6.6.8.Final.jar:6.6.8.Final]
	... 119 more
Hibernate: 
    alter table athletes 
       drop 
       foreign key FK3sh1urbr1pvx7bp4gnq9fow1r
2025-08-09 16:34:58.705 [main] WARN  org.hibernate.tool.schema.internal.ExceptionHandlerLoggedImpl - GenerationTarget encountered exception accepting command : Error executing DDL "
    alter table athletes 
       drop 
       foreign key FK3sh1urbr1pvx7bp4gnq9fow1r" via JDBC [Constraint "FK3SH1URBR1PVX7BP4GNQ9FOW1R" not found;]
org.hibernate.tool.schema.spi.CommandAcceptanceException: Error executing DDL "
    alter table athletes 
       drop 
       foreign key FK3sh1urbr1pvx7bp4gnq9fow1r" via JDBC [Constraint "FK3SH1URBR1PVX7BP4GNQ9FOW1R" not found;]
	at org.hibernate.tool.schema.internal.exec.GenerationTargetToDatabase.accept(GenerationTargetToDatabase.java:94) ~[hibernate-core-6.6.8.Final.jar:6.6.8.Final]
	at org.hibernate.tool.schema.internal.Helper.applySqlString(Helper.java:233) ~[hibernate-core-6.6.8.Final.jar:6.6.8.Final]
	at org.hibernate.tool.schema.internal.Helper.applySqlStrings(Helper.java:217) ~[hibernate-core-6.6.8.Final.jar:6.6.8.Final]
	at org.hibernate.tool.schema.internal.SchemaDropperImpl.applyConstraintDropping(SchemaDropperImpl.java:479) ~[hibernate-core-6.6.8.Final.jar:6.6.8.Final]
[...]
	at org.junit.jupiter.engine.descriptor.TestMethodTestDescriptor.prepare(TestMethodTestDescriptor.java:104) ~[junit-jupiter-engine-5.11.4.jar:5.11.4]
	at org.junit.jupiter.engine.descriptor.TestMethodTestDescriptor.prepare(TestMethodTestDescriptor.java:68) ~[junit-jupiter-engine-5.11.4.jar:5.11.4]
	at org.junit.platform.engine.support.hierarchical.NodeTestTask.lambda$prepare$2(NodeTestTask.java:128) ~[junit-platform-engine-1.11.4.jar:1.11.4]
	at org.junit.platform.engine.support.hierarchical.ThrowableCollector.execute(ThrowableCollector.java:73) ~[junit-platform-engine-1.11.4.jar:1.11.4]
	at org.junit.platform.engine.support.hierarchical.NodeTestTask.prepare(NodeTestTask.java:128) ~[junit-platform-engine-1.11.4.jar:1.11.4]
	at org.junit.platform.engine.support.hierarchical.NodeTestTask.execute(NodeTestTask.java:95) ~[junit-platform-engine-1.11.4.jar:1.11.4]
	at java.base/java.util.ArrayList.forEach(ArrayList.java:1596) ~[?:?]
	at org.junit.platform.engine.support.hierarchical.SameThreadHierarchicalTestExecutorService.invokeAll(SameThreadHierarchicalTestExecutorService.java:41) ~[junit-platform-engine-1.11.4.jar:1.11.4]
	at org.junit.platform.engine.support.hierarchical.NodeTestTask.lambda$executeRecursively$6(NodeTestTask.java:160) ~[junit-platform-engine-1.11.4.jar:1.11.4]
	at org.junit.platform.engine.support.hierarchical.ThrowableCollector.execute(ThrowableCollector.java:73) ~[junit-platform-engine-1.11.4.jar:1.11.4]
	at org.junit.platform.engine.support.hierarchical.NodeTestTask.lambda$executeRecursively$8(NodeTestTask.java:146) ~[junit-platform-engine-1.11.4.jar:1.11.4]
	at org.junit.platform.engine.support.hierarchical.Node.around(Node.java:137) ~[junit-platform-engine-1.11.4.jar:1.11.4]
	at org.junit.platform.engine.support.hierarchical.NodeTestTask.lambda$executeRecursively$9(NodeTestTask.java:144) ~[junit-platform-engine-1.11.4.jar:1.11.4]
	at org.junit.platform.engine.support.hierarchical.ThrowableCollector.execute(ThrowableCollector.java:73) ~[junit-platform-engine-1.11.4.jar:1.11.4]
	at org.junit.platform.engine.support.hierarchical.NodeTestTask.executeRecursively(NodeTestTask.java:143) ~[junit-platform-engine-1.11.4.jar:1.11.4]
	at org.junit.platform.engine.support.hierarchical.NodeTestTask.execute(NodeTestTask.java:100) ~[junit-platform-engine-1.11.4.jar:1.11.4]
	at java.base/java.util.ArrayList.forEach(ArrayList.java:1596) ~[?:?]
	at org.junit.platform.engine.support.hierarchical.SameThreadHierarchicalTestExecutorService.invokeAll(SameThreadHierarchicalTestExecutorService.java:41) ~[junit-platform-engine-1.11.4.jar:1.11.4]
	at org.junit.platform.engine.support.hierarchical.NodeTestTask.lambda$executeRecursively$6(NodeTestTask.java:160) ~[junit-platform-engine-1.11.4.jar:1.11.4]
	at org.junit.platform.engine.support.hierarchical.ThrowableCollector.execute(ThrowableCollector.java:73) ~[junit-platform-engine-1.11.4.jar:1.11.4]
	at org.junit.platform.engine.support.hierarchical.NodeTestTask.lambda$executeRecursively$8(NodeTestTask.java:146) ~[junit-platform-engine-1.11.4.jar:1.11.4]
	at org.junit.platform.engine.support.hierarchical.Node.around(Node.java:137) ~[junit-platform-engine-1.11.4.jar:1.11.4]
	at org.junit.platform.engine.support.hierarchical.NodeTestTask.lambda$executeRecursively$9(NodeTestTask.java:144) ~[junit-platform-engine-1.11.4.jar:1.11.4]
	at org.junit.platform.engine.support.hierarchical.ThrowableCollector.execute(ThrowableCollector.java:73) ~[junit-platform-engine-1.11.4.jar:1.11.4]
	at org.junit.platform.engine.support.hierarchical.NodeTestTask.executeRecursively(NodeTestTask.java:143) ~[junit-platform-engine-1.11.4.jar:1.11.4]
	at org.junit.platform.engine.support.hierarchical.NodeTestTask.execute(NodeTestTask.java:100) ~[junit-platform-engine-1.11.4.jar:1.11.4]
	at org.junit.platform.engine.support.hierarchical.SameThreadHierarchicalTestExecutorService.submit(SameThreadHierarchicalTestExecutorService.java:35) ~[junit-platform-engine-1.11.4.jar:1.11.4]
	at org.junit.platform.engine.support.hierarchical.HierarchicalTestExecutor.execute(HierarchicalTestExecutor.java:57) ~[junit-platform-engine-1.11.4.jar:1.11.4]
	at org.junit.platform.engine.support.hierarchical.HierarchicalTestEngine.execute(HierarchicalTestEngine.java:54) ~[junit-platform-engine-1.11.4.jar:1.11.4]
	at org.junit.platform.launcher.core.EngineExecutionOrchestrator.execute(EngineExecutionOrchestrator.java:198) ~[junit-platform-launcher-1.11.4.jar:1.11.4]
	at org.junit.platform.launcher.core.EngineExecutionOrchestrator.execute(EngineExecutionOrchestrator.java:169) ~[junit-platform-launcher-1.11.4.jar:1.11.4]
	at org.junit.platform.launcher.core.EngineExecutionOrchestrator.execute(EngineExecutionOrchestrator.java:93) ~[junit-platform-launcher-1.11.4.jar:1.11.4]
	at org.junit.platform.launcher.core.EngineExecutionOrchestrator.lambda$execute$0(EngineExecutionOrchestrator.java:58) ~[junit-platform-launcher-1.11.4.jar:1.11.4]
	at org.junit.platform.launcher.core.EngineExecutionOrchestrator.withInterceptedStreams(EngineExecutionOrchestrator.java:141) [junit-platform-launcher-1.11.4.jar:1.11.4]
	at org.junit.platform.launcher.core.EngineExecutionOrchestrator.execute(EngineExecutionOrchestrator.java:57) [junit-platform-launcher-1.11.4.jar:1.11.4]
	at org.junit.platform.launcher.core.DefaultLauncher.execute(DefaultLauncher.java:103) [junit-platform-launcher-1.11.4.jar:1.11.4]
	at org.junit.platform.launcher.core.DefaultLauncher.execute(DefaultLauncher.java:85) [junit-platform-launcher-1.11.4.jar:1.11.4]
	at org.junit.platform.launcher.core.DelegatingLauncher.execute(DelegatingLauncher.java:47) [junit-platform-launcher-1.11.4.jar:1.11.4]
	at org.apache.maven.surefire.junitplatform.LazyLauncher.execute(LazyLauncher.java:56) [surefire-junit-platform-3.5.2.jar:3.5.2]
	at org.apache.maven.surefire.junitplatform.JUnitPlatformProvider.execute(JUnitPlatformProvider.java:184) [surefire-junit-platform-3.5.2.jar:3.5.2]
	at org.apache.maven.surefire.junitplatform.JUnitPlatformProvider.invokeAllTests(JUnitPlatformProvider.java:148) [surefire-junit-platform-3.5.2.jar:3.5.2]
	at org.apache.maven.surefire.junitplatform.JUnitPlatformProvider.invoke(JUnitPlatformProvider.java:122) [surefire-junit-platform-3.5.2.jar:3.5.2]
	at org.apache.maven.surefire.booter.ForkedBooter.runSuitesInProcess(ForkedBooter.java:385) [surefire-booter-3.5.2.jar:3.5.2]
	at org.apache.maven.surefire.booter.ForkedBooter.execute(ForkedBooter.java:162) [surefire-booter-3.5.2.jar:3.5.2]
	at org.apache.maven.surefire.booter.ForkedBooter.run(ForkedBooter.java:507) [surefire-booter-3.5.2.jar:3.5.2]
	at org.apache.maven.surefire.booter.ForkedBooter.main(ForkedBooter.java:495) [surefire-booter-3.5.2.jar:3.5.2]
Caused by: org.h2.jdbc.JdbcSQLSyntaxErrorException: Table "USER_CREDENTIALS" already exists; SQL statement:

    create table user_credentials (
        is_deleted bit not null,
        id bigint not null auto_increment,
        email varchar(255) not null,
        password varchar(255) not null,
        user_type enum ('ADMIN','ATHLETE','GYM_OWNER','TRAINER') not null,
        primary key (id)
    ) engine= [42101-232]
	at org.h2.message.DbException.getJdbcSQLException(DbException.java:514) ~[h2-2.3.232.jar:2.3.232]
	at org.h2.message.DbException.getJdbcSQLException(DbException.java:489) ~[h2-2.3.232.jar:2.3.232]
	at org.h2.message.DbException.get(DbException.java:223) ~[h2-2.3.232.jar:2.3.232]
	at org.h2.message.DbException.get(DbException.java:199) ~[h2-2.3.232.jar:2.3.232]
	at org.h2.command.ddl.CreateTable.update(CreateTable.java:91) ~[h2-2.3.232.jar:2.3.232]
	at org.h2.command.CommandContainer.update(CommandContainer.java:139) ~[h2-2.3.232.jar:2.3.232]
	at org.h2.command.Command.executeUpdate(Command.java:304) ~[h2-2.3.232.jar:2.3.232]
	at org.h2.command.Command.executeUpdate(Command.java:248) ~[h2-2.3.232.jar:2.3.232]
	at org.h2.jdbc.JdbcStatement.executeInternal(JdbcStatement.java:262) ~[h2-2.3.232.jar:2.3.232]
	at org.h2.jdbc.JdbcStatement.execute(JdbcStatement.java:231) ~[h2-2.3.232.jar:2.3.232]
	at com.zaxxer.hikari.pool.ProxyStatement.execute(ProxyStatement.java:94) ~[HikariCP-5.1.0.jar:?]
	at com.zaxxer.hikari.pool.HikariProxyStatement.execute(HikariProxyStatement.java) ~[HikariCP-5.1.0.jar:?]
	at org.hibernate.tool.schema.internal.exec.GenerationTargetToDatabase.accept(GenerationTargetToDatabase.java:80) ~[hibernate-core-6.6.8.Final.jar:6.6.8.Final]
	... 119 more
Hibernate: 
    create table user_credentials_roles (
        role_id bigint not null,
        user_credentials_id bigint not null,
        primary key (role_id, user_credentials_id)
    ) engine=InnoDB
Hibernate: 
    alter table admins 
       add constraint UKstlvw73rb30blh8f5rlc61607 unique (user_credentials_id)
Hibernate: 
    alter table athletes 
       add constraint UKij7mu3v5n4jb7qusp729ivdyq unique (user_credentials_id)
Hibernate: 
    alter table gym_owners 
       add constraint UKsvn82mcjgaqxpljam1y92liut unique (user_credentials_id)
Hibernate: 
    alter table gyms 
       add constraint UKe73qauhjutr62uua42vsa48xl unique (address_id)
Hibernate: 
    alter table roles 
       add constraint UKofx66keruapi6vyqpv6f2or37 unique (name)
Hibernate: 
    alter table sports 
       add constraint UKcs1vpkeju799gcxbq5gc0lac1 unique (sport_name)
Hibernate: 
    alter table trainers 
       add constraint UKk4x2ma29c24jem3i32xx7x0cq unique (user_credentials_id)
Hibernate: 
    alter table user_credentials 
       add constraint UKlrgbb675rfl59o7jp5rhetl2r unique (email)
Hibernate: 
    alter table admins 
       add constraint FK600ih02qklqf2htcba7s8kh2x 
       foreign key (user_credentials_id) 
       references user_credentials (id)
Hibernate: 
    alter table athlete_phone_numbers 
       add constraint FKsq6lhkmkpo055uq5v7xvkhawr 
       foreign key (athlete_id) 
       references athletes (id)
Hibernate: 
    alter table athletes 
       add constraint FK3sh1urbr1pvx7bp4gnq9fow1r 
       foreign key (user_credentials_id) 
       references user_credentials (id)
Hibernate: 
    alter table events 
       add constraint FK8rwl332ud4cbj46x57xgiybyj 
       foreign key (gym_id) 
       references gyms (id)
Hibernate: 
    alter table events 
       add constraint FKlj14dyfl179s92hatm374588t 
       foreign key (sport_id) 
       references sports (id)
Hibernate: 
    alter table events 
       add constraint FK72xc2u4739yo6n4t36pqrtd08 
       foreign key (trainer_id) 
       references trainers (id)
Hibernate: 
    alter table gym_owner_phone_numbers 
       add constraint FK5ko2l4t5yffic7lyimoljo3m6 
       foreign key (gym_owner_id) 
       references gym_owners (id)
Hibernate: 
    alter table gym_owners 
       add constraint FKqhsinx39y7gk4bb82elf24kv9 
       foreign key (user_credentials_id) 
       references user_credentials (id)
Hibernate: 
    alter table gym_phone_numbers 
       add constraint FKfwr3m96iv0a2gm3t3egg2slaf 
       foreign key (gym_id) 
       references gyms (id)
Hibernate: 
    alter table gym_photos 
       add constraint FKctdwvrpmdcyvor36yjmbmen16 
       foreign key (gym_id) 
       references gyms (id)
Hibernate: 
    alter table gym_working_hours 
       add constraint FKib8y7pyi58d33ip78ih5pvwcf 
       foreign key (gym_id) 
       references gyms (id)
Hibernate: 
    alter table gyms 
       add constraint FKc1litp8g4l35f9oykhmkq77nf 
       foreign key (gym_owner_id) 
       references gym_owners (id)
Hibernate: 
    alter table gyms 
       add constraint FKk5nlix7uld6h247s40o39uagc 
       foreign key (address_id) 
       references addresses (id)
Hibernate: 
    alter table gyms_trainers 
       add constraint FKejqehnsyhyqdp5htcwgg735b0 
       foreign key (trainer_id) 
       references trainers (id)
Hibernate: 
    alter table gyms_trainers 
       add constraint FK3tnw2jc4io90phnywpofojwxl 
       foreign key (gym_id) 
       references gyms (id)
Hibernate: 
    alter table reviews 
       add constraint FK19vxxg7nchfe2tpifhnjco0pl 
       foreign key (athlete_id) 
       references athletes (id)
Hibernate: 
    alter table reviews 
       add constraint FKl6ehbeii3m5st1u9cu9j7ynds 
       foreign key (gym_id) 
       references gyms (id)
Hibernate: 
    alter table reviews 
       add constraint FKksna0ysspv7vdf2wujgsle79g 
       foreign key (trainer_id) 
       references trainers (id)
Hibernate: 
    alter table sports_athletes 
       add constraint FKhmkebmrp4uwbhe7b9yvwaxhkp 
       foreign key (athlete_id) 
       references athletes (id)
Hibernate: 
    alter table sports_athletes 
       add constraint FK3ayv9cx986992gx2h7l2hak5w 
       foreign key (sport_id) 
       references sports (id)
Hibernate: 
    alter table sports_gyms 
       add constraint FK3q55fm5vgi5ptbod94dhow8na 
       foreign key (sport_id) 
       references sports (id)
Hibernate: 
    alter table sports_gyms 
       add constraint FKjq7fyrst4nw8e1e8tp49viuxh 
       foreign key (gym_id) 
       references gyms (id)
Hibernate: 
    alter table sports_trainers 
       add constraint FK2ft20ii6imkr4bp7smdbcgs7y 
       foreign key (sport_id) 
       references sports (id)
Hibernate: 
    alter table sports_trainers 
       add constraint FKegkuarguvcl7hcno6mj5eke5v 
       foreign key (trainer_id) 
       references trainers (id)
Hibernate: 
    alter table trainer_certificates 
       add constraint FKm41kd81xmctumo707xmkep26i 
       foreign key (trainer_id) 
       references trainers (id)
Hibernate: 
    alter table trainer_phone_numbers 
       add constraint FKoxkmxdq0g7ha2a80enyhv4yy1 
       foreign key (trainer_id) 
       references trainers (id)
Hibernate: 
    alter table trainers 
       add constraint FKcnbrnosgtv3xo33vet1d0s387 
       foreign key (user_credentials_id) 
       references user_credentials (id)
Hibernate: 
    alter table trainers 
       add constraint FKg82u7ghpjoqnhhkcvx0dn3kn3 
       foreign key (address_id) 
       references addresses (id)
Hibernate: 
    alter table user_credentials_roles 
       add constraint FK3lhrdwn3da5fkkmykcgp2ui6e 
       foreign key (role_id) 
       references roles (id)
Hibernate: 
    alter table user_credentials_roles 
       add constraint FK7bu4o4g0mqpf6ajcyaj9rkw6j 
       foreign key (user_credentials_id) 
       references user_credentials (id)
2025-08-09 16:35:03.193 [main] INFO  com.example.trainup.service.GeminiChatService - System prompt loaded.
2025-08-09 16:35:06.537 [main] DEBUG com.example.trainup.security.JwtAuthenticationFilter - Filter 'jwtAuthenticationFilter' configured for use
2025-08-09 16:35:06.842 [main] INFO  com.example.trainup.controller.AthleteControllerTest - Started AthleteControllerTest in 20.269 seconds (process running for 22.787)
2025-08-09 16:35:07.353 [main] INFO  com.example.trainup.controller.AthleteController - Attempting to update athlete with ID: 1 by user: john.doe@example.com
2025-08-09 16:35:07.353 [main] INFO  com.example.trainup.controller.AthleteController - Successfully updated athlete with ID: 1
]]></system-out>
    <system-err><![CDATA[Mockito is currently self-attaching to enable the inline-mock-maker. This will no longer work in future releases of the JDK. Please add Mockito as an agent to your build what is described in Mockito's documentation: https://javadoc.io/doc/org.mockito/mockito-core/latest/org/mockito/Mockito.html#0.3
WARNING: A Java agent has been loaded dynamically (C:\Users\Bohdan_Sh\.m2\repository\net\bytebuddy\byte-buddy-agent\1.15.11\byte-buddy-agent-1.15.11.jar)
WARNING: If a serviceability tool is in use, please run with -XX:+EnableDynamicAgentLoading to hide this warning
WARNING: If a serviceability tool is not in use, please run with -Djdk.instrument.traceUsage for more information
WARNING: Dynamic loading of agents will be disallowed by default in a future release
]]></system-err>
  </testcase>
  <testcase name="getAllAthlete_NonAdmin_403" classname="com.example.trainup.controller.AthleteControllerTest" time="0.058">
    <system-out><![CDATA[2025-08-09 16:35:07.485 [main] DEBUG com.example.trainup.exception.CustomGlobalExceptionHandler - Handling AuthorizationDeniedException: Access Denied
2025-08-09 16:35:07.485 [main] DEBUG com.example.trainup.exception.CustomGlobalExceptionHandler - Building response: status=403 FORBIDDEN, error=Authorization denied, errors=[Access Denied]
]]></system-out>
  </testcase>
  <testcase name="deleteAthleteById_Admin_Success" classname="com.example.trainup.controller.AthleteControllerTest" time="0.027">
    <system-out><![CDATA[2025-08-09 16:35:07.528 [main] INFO  com.example.trainup.controller.AthleteController - Attempting to delete athlete with ID: 1 by user: admin@example.com
2025-08-09 16:35:07.528 [main] INFO  com.example.trainup.controller.AthleteController - Successfully deleted athlete with ID: 1
]]></system-out>
  </testcase>
  <testcase name="getAthleteById_Unauthorized_403" classname="com.example.trainup.controller.AthleteControllerTest" time="0.026">
    <system-out><![CDATA[2025-08-09 16:35:07.558 [main] DEBUG com.example.trainup.exception.CustomGlobalExceptionHandler - Handling AuthorizationDeniedException: Access Denied
2025-08-09 16:35:07.559 [main] DEBUG com.example.trainup.exception.CustomGlobalExceptionHandler - Building response: status=403 FORBIDDEN, error=Authorization denied, errors=[Access Denied]
]]></system-out>
  </testcase>
  <testcase name="getAllAthlete_Admin_Success" classname="com.example.trainup.controller.AthleteControllerTest" time="0.038">
    <system-out><![CDATA[2025-08-09 16:35:07.594 [main] INFO  com.example.trainup.controller.AthleteController - Attempting to retrieve all athletes with filter: firstName=John, lastName=null, gender=MALE, dateOfBirth=null, sportIds=[1], emailPermission=true, phonePermission=null
2025-08-09 16:35:07.594 [main] INFO  com.example.trainup.controller.AthleteController - Successfully retrieved 1 athletes with specified criteria.
]]></system-out>
  </testcase>
  <testcase name="getAthleteById_Self_Success" classname="com.example.trainup.controller.AthleteControllerTest" time="0.024">
    <system-out><![CDATA[2025-08-09 16:35:07.625 [main] INFO  com.example.trainup.controller.AthleteController - Attempting to retrieve athlete with ID: 1 by user: john.doe@example.com
2025-08-09 16:35:07.625 [main] INFO  com.example.trainup.controller.AthleteController - Successfully retrieved athlete with ID: 1
]]></system-out>
  </testcase>
  <testcase name="updateAthleteById_Unauthorized_403" classname="com.example.trainup.controller.AthleteControllerTest" time="0.025">
    <system-out><![CDATA[2025-08-09 16:35:07.649 [main] DEBUG com.example.trainup.exception.CustomGlobalExceptionHandler - Handling AuthorizationDeniedException: Access Denied
2025-08-09 16:35:07.649 [main] DEBUG com.example.trainup.exception.CustomGlobalExceptionHandler - Building response: status=403 FORBIDDEN, error=Authorization denied, errors=[Access Denied]
]]></system-out>
  </testcase>
  <testcase name="deleteAthleteById_Self_Success" classname="com.example.trainup.controller.AthleteControllerTest" time="0.02">
    <system-out><![CDATA[2025-08-09 16:35:07.673 [main] INFO  com.example.trainup.controller.AthleteController - Attempting to delete athlete with ID: 1 by user: john.doe@example.com
2025-08-09 16:35:07.673 [main] INFO  com.example.trainup.controller.AthleteController - Successfully deleted athlete with ID: 1
]]></system-out>
  </testcase>
  <testcase name="deleteAthleteById_Unauthorized_403" classname="com.example.trainup.controller.AthleteControllerTest" time="0.02">
    <system-out><![CDATA[2025-08-09 16:35:07.694 [main] DEBUG com.example.trainup.exception.CustomGlobalExceptionHandler - Handling AuthorizationDeniedException: Access Denied
2025-08-09 16:35:07.695 [main] DEBUG com.example.trainup.exception.CustomGlobalExceptionHandler - Building response: status=403 FORBIDDEN, error=Authorization denied, errors=[Access Denied]
]]></system-out>
  </testcase>
</testsuite>